{"C:\\Users\\pol.gubau\\dev\\packages\\utils\\animated\\packages\\utils\\src\\accessibility\\doc-dir\\getDocumentDirection.ts": {"path":"C:\\Users\\pol.gubau\\dev\\packages\\utils\\animated\\packages\\utils\\src\\accessibility\\doc-dir\\getDocumentDirection.ts","all":false,"statementMap":{"13":{"start":{"line":14,"column":0},"end":{"line":14,"column":21}},"14":{"start":{"line":15,"column":0},"end":{"line":15,"column":13}},"15":{"start":{"line":16,"column":0},"end":{"line":16,"column":13}},"16":{"start":{"line":17,"column":0},"end":{"line":17,"column":15}},"20":{"start":{"line":21,"column":0},"end":{"line":21,"column":45}},"21":{"start":{"line":22,"column":0},"end":{"line":22,"column":57}},"22":{"start":{"line":23,"column":0},"end":{"line":23,"column":15}},"23":{"start":{"line":24,"column":0},"end":{"line":24,"column":2}},"25":{"start":{"line":26,"column":0},"end":{"line":26,"column":74}},"26":{"start":{"line":27,"column":0},"end":{"line":27,"column":54}},"27":{"start":{"line":28,"column":0},"end":{"line":28,"column":76}},"28":{"start":{"line":29,"column":0},"end":{"line":29,"column":2}},"29":{"start":{"line":30,"column":0},"end":{"line":30,"column":21}},"30":{"start":{"line":31,"column":0},"end":{"line":31,"column":1}}},"s":{"13":1,"14":1,"15":1,"16":1,"20":1,"21":5,"22":1,"23":1,"25":4,"26":5,"27":2,"28":2,"29":2,"30":2},"branchMap":{"0":{"type":"branch","line":14,"loc":{"start":{"line":14,"column":7},"end":{"line":14,"column":21}},"locations":[{"start":{"line":14,"column":7},"end":{"line":14,"column":21}}]},"1":{"type":"branch","line":21,"loc":{"start":{"line":21,"column":7},"end":{"line":31,"column":1}},"locations":[{"start":{"line":21,"column":7},"end":{"line":31,"column":1}}]},"2":{"type":"branch","line":22,"loc":{"start":{"line":22,"column":23},"end":{"line":22,"column":56}},"locations":[{"start":{"line":22,"column":23},"end":{"line":22,"column":56}}]},"3":{"type":"branch","line":22,"loc":{"start":{"line":22,"column":56},"end":{"line":24,"column":2}},"locations":[{"start":{"line":22,"column":56},"end":{"line":24,"column":2}}]},"4":{"type":"branch","line":24,"loc":{"start":{"line":24,"column":1},"end":{"line":27,"column":38}},"locations":[{"start":{"line":24,"column":1},"end":{"line":27,"column":38}}]},"5":{"type":"branch","line":27,"loc":{"start":{"line":27,"column":22},"end":{"line":27,"column":53}},"locations":[{"start":{"line":27,"column":22},"end":{"line":27,"column":53}}]},"6":{"type":"branch","line":27,"loc":{"start":{"line":27,"column":53},"end":{"line":31,"column":1}},"locations":[{"start":{"line":27,"column":53},"end":{"line":31,"column":1}}]}},"b":{"0":[1],"1":[5],"2":[4],"3":[1],"4":[4],"5":[3],"6":[2]},"fnMap":{"0":{"name":"getDocumentDirection","decl":{"start":{"line":21,"column":7},"end":{"line":31,"column":1}},"loc":{"start":{"line":21,"column":7},"end":{"line":31,"column":1}},"line":21}},"f":{"0":5}}
,"C:\\Users\\pol.gubau\\dev\\packages\\utils\\animated\\packages\\utils\\src\\arrays\\arrayUtils.ts": {"path":"C:\\Users\\pol.gubau\\dev\\packages\\utils\\animated\\packages\\utils\\src\\arrays\\arrayUtils.ts","all":false,"statementMap":{"6":{"start":{"line":7,"column":0},"end":{"line":7,"column":51}},"7":{"start":{"line":8,"column":0},"end":{"line":8,"column":16}},"8":{"start":{"line":9,"column":0},"end":{"line":9,"column":1}},"16":{"start":{"line":17,"column":0},"end":{"line":17,"column":50}},"17":{"start":{"line":18,"column":0},"end":{"line":18,"column":29}},"18":{"start":{"line":19,"column":0},"end":{"line":19,"column":1}},"27":{"start":{"line":28,"column":0},"end":{"line":28,"column":47}},"28":{"start":{"line":29,"column":0},"end":{"line":29,"column":22}},"29":{"start":{"line":30,"column":0},"end":{"line":30,"column":1}},"37":{"start":{"line":38,"column":0},"end":{"line":38,"column":46}},"38":{"start":{"line":39,"column":0},"end":{"line":39,"column":38}},"39":{"start":{"line":40,"column":0},"end":{"line":40,"column":1}}},"s":{"6":1,"7":2,"8":2,"16":1,"17":2,"18":2,"27":1,"28":3,"29":3,"37":1,"38":3,"39":3},"branchMap":{"0":{"type":"branch","line":7,"loc":{"start":{"line":7,"column":7},"end":{"line":9,"column":1}},"locations":[{"start":{"line":7,"column":7},"end":{"line":9,"column":1}}]},"1":{"type":"branch","line":17,"loc":{"start":{"line":17,"column":7},"end":{"line":19,"column":1}},"locations":[{"start":{"line":17,"column":7},"end":{"line":19,"column":1}}]},"2":{"type":"branch","line":28,"loc":{"start":{"line":28,"column":7},"end":{"line":30,"column":1}},"locations":[{"start":{"line":28,"column":7},"end":{"line":30,"column":1}}]},"3":{"type":"branch","line":38,"loc":{"start":{"line":38,"column":7},"end":{"line":40,"column":1}},"locations":[{"start":{"line":38,"column":7},"end":{"line":40,"column":1}}]}},"b":{"0":[2],"1":[2],"2":[3],"3":[3]},"fnMap":{"0":{"name":"first","decl":{"start":{"line":7,"column":7},"end":{"line":9,"column":1}},"loc":{"start":{"line":7,"column":7},"end":{"line":9,"column":1}},"line":7},"1":{"name":"last","decl":{"start":{"line":17,"column":7},"end":{"line":19,"column":1}},"loc":{"start":{"line":17,"column":7},"end":{"line":19,"column":1}},"line":17},"2":{"name":"removeFirst","decl":{"start":{"line":28,"column":7},"end":{"line":30,"column":1}},"loc":{"start":{"line":28,"column":7},"end":{"line":30,"column":1}},"line":28},"3":{"name":"removeLast","decl":{"start":{"line":38,"column":7},"end":{"line":40,"column":1}},"loc":{"start":{"line":38,"column":7},"end":{"line":40,"column":1}},"line":38}},"f":{"0":2,"1":2,"2":3,"3":3}}
,"C:\\Users\\pol.gubau\\dev\\packages\\utils\\animated\\packages\\utils\\src\\arrays\\chunk.ts": {"path":"C:\\Users\\pol.gubau\\dev\\packages\\utils\\animated\\packages\\utils\\src\\arrays\\chunk.ts","all":false,"statementMap":{"6":{"start":{"line":7,"column":0},"end":{"line":7,"column":58}},"7":{"start":{"line":8,"column":0},"end":{"line":8,"column":54}},"8":{"start":{"line":9,"column":0},"end":{"line":9,"column":48}},"9":{"start":{"line":10,"column":0},"end":{"line":10,"column":30}},"10":{"start":{"line":11,"column":0},"end":{"line":11,"column":30}},"11":{"start":{"line":12,"column":0},"end":{"line":12,"column":5}},"12":{"start":{"line":13,"column":0},"end":{"line":13,"column":34}},"13":{"start":{"line":14,"column":0},"end":{"line":14,"column":18}},"14":{"start":{"line":15,"column":0},"end":{"line":15,"column":9}},"15":{"start":{"line":16,"column":0},"end":{"line":16,"column":2}}},"s":{"6":1,"7":5,"8":16,"9":16,"10":8,"11":8,"12":16,"13":16,"14":5,"15":5},"branchMap":{"0":{"type":"branch","line":7,"loc":{"start":{"line":7,"column":21},"end":{"line":16,"column":2}},"locations":[{"start":{"line":7,"column":21},"end":{"line":16,"column":2}}]},"1":{"type":"branch","line":8,"loc":{"start":{"line":8,"column":21},"end":{"line":15,"column":5}},"locations":[{"start":{"line":8,"column":21},"end":{"line":15,"column":5}}]},"2":{"type":"branch","line":10,"loc":{"start":{"line":10,"column":29},"end":{"line":12,"column":5}},"locations":[{"start":{"line":10,"column":29},"end":{"line":12,"column":5}}]}},"b":{"0":[5],"1":[16],"2":[8]},"fnMap":{"0":{"name":"chunk","decl":{"start":{"line":7,"column":21},"end":{"line":16,"column":2}},"loc":{"start":{"line":7,"column":21},"end":{"line":16,"column":2}},"line":7}},"f":{"0":5}}
,"C:\\Users\\pol.gubau\\dev\\packages\\utils\\animated\\packages\\utils\\src\\arrays\\group-by.ts": {"path":"C:\\Users\\pol.gubau\\dev\\packages\\utils\\animated\\packages\\utils\\src\\arrays\\group-by.ts","all":false,"statementMap":{"32":{"start":{"line":33,"column":0},"end":{"line":33,"column":118}},"33":{"start":{"line":34,"column":0},"end":{"line":34,"column":38}},"35":{"start":{"line":36,"column":0},"end":{"line":36,"column":27}},"36":{"start":{"line":37,"column":0},"end":{"line":37,"column":37}},"38":{"start":{"line":39,"column":0},"end":{"line":39,"column":30}},"39":{"start":{"line":40,"column":0},"end":{"line":40,"column":23}},"40":{"start":{"line":41,"column":0},"end":{"line":41,"column":5}},"42":{"start":{"line":43,"column":0},"end":{"line":43,"column":27}},"43":{"start":{"line":44,"column":0},"end":{"line":44,"column":3}},"45":{"start":{"line":46,"column":0},"end":{"line":46,"column":16}},"46":{"start":{"line":47,"column":0},"end":{"line":47,"column":1}}},"s":{"32":1,"33":6,"35":6,"36":14,"38":14,"39":8,"40":8,"42":14,"43":14,"45":6,"46":6},"branchMap":{"0":{"type":"branch","line":33,"loc":{"start":{"line":33,"column":7},"end":{"line":47,"column":1}},"locations":[{"start":{"line":33,"column":7},"end":{"line":47,"column":1}}]},"1":{"type":"branch","line":36,"loc":{"start":{"line":36,"column":26},"end":{"line":44,"column":3}},"locations":[{"start":{"line":36,"column":26},"end":{"line":44,"column":3}}]},"2":{"type":"branch","line":39,"loc":{"start":{"line":39,"column":29},"end":{"line":41,"column":5}},"locations":[{"start":{"line":39,"column":29},"end":{"line":41,"column":5}}]}},"b":{"0":[6],"1":[14],"2":[8]},"fnMap":{"0":{"name":"groupBy","decl":{"start":{"line":33,"column":7},"end":{"line":47,"column":1}},"loc":{"start":{"line":33,"column":7},"end":{"line":47,"column":1}},"line":33}},"f":{"0":6}}
,"C:\\Users\\pol.gubau\\dev\\packages\\utils\\animated\\packages\\utils\\src\\arrays\\limit-array.ts": {"path":"C:\\Users\\pol.gubau\\dev\\packages\\utils\\animated\\packages\\utils\\src\\arrays\\limit-array.ts","all":false,"statementMap":{"7":{"start":{"line":8,"column":0},"end":{"line":8,"column":97}},"8":{"start":{"line":9,"column":0},"end":{"line":9,"column":43}},"9":{"start":{"line":10,"column":0},"end":{"line":10,"column":39}},"11":{"start":{"line":12,"column":0},"end":{"line":12,"column":10}},"12":{"start":{"line":13,"column":0},"end":{"line":13,"column":17}},"13":{"start":{"line":14,"column":0},"end":{"line":14,"column":14}},"14":{"start":{"line":15,"column":0},"end":{"line":15,"column":4}},"15":{"start":{"line":16,"column":0},"end":{"line":16,"column":2}}},"s":{"7":1,"8":2,"9":2,"11":2,"12":2,"13":2,"14":2,"15":2},"branchMap":{"0":{"type":"branch","line":8,"loc":{"start":{"line":8,"column":26},"end":{"line":16,"column":2}},"locations":[{"start":{"line":8,"column":26},"end":{"line":16,"column":2}}]}},"b":{"0":[2]},"fnMap":{"0":{"name":"limitArray","decl":{"start":{"line":8,"column":26},"end":{"line":16,"column":2}},"loc":{"start":{"line":8,"column":26},"end":{"line":16,"column":2}},"line":8}},"f":{"0":2}}
,"C:\\Users\\pol.gubau\\dev\\packages\\utils\\animated\\packages\\utils\\src\\arrays\\remove.ts": {"path":"C:\\Users\\pol.gubau\\dev\\packages\\utils\\animated\\packages\\utils\\src\\arrays\\remove.ts","all":false,"statementMap":{"8":{"start":{"line":9,"column":0},"end":{"line":9,"column":57}},"10":{"start":{"line":11,"column":0},"end":{"line":11,"column":63}},"13":{"start":{"line":14,"column":0},"end":{"line":14,"column":57}},"14":{"start":{"line":15,"column":0},"end":{"line":15,"column":15}},"15":{"start":{"line":16,"column":0},"end":{"line":16,"column":3}},"18":{"start":{"line":19,"column":0},"end":{"line":19,"column":31}},"19":{"start":{"line":20,"column":0},"end":{"line":20,"column":13}},"20":{"start":{"line":21,"column":0},"end":{"line":21,"column":1}}},"s":{"8":1,"10":6,"13":6,"14":2,"15":2,"18":4,"19":4,"20":4},"branchMap":{"0":{"type":"branch","line":9,"loc":{"start":{"line":9,"column":7},"end":{"line":21,"column":1}},"locations":[{"start":{"line":9,"column":7},"end":{"line":21,"column":1}}]},"1":{"type":"branch","line":11,"loc":{"start":{"line":11,"column":32},"end":{"line":11,"column":57}},"locations":[{"start":{"line":11,"column":32},"end":{"line":11,"column":57}}]},"2":{"type":"branch","line":11,"loc":{"start":{"line":11,"column":49},"end":{"line":11,"column":63}},"locations":[{"start":{"line":11,"column":49},"end":{"line":11,"column":63}}]},"3":{"type":"branch","line":14,"loc":{"start":{"line":14,"column":22},"end":{"line":14,"column":56}},"locations":[{"start":{"line":14,"column":22},"end":{"line":14,"column":56}}]},"4":{"type":"branch","line":14,"loc":{"start":{"line":14,"column":56},"end":{"line":16,"column":3}},"locations":[{"start":{"line":14,"column":56},"end":{"line":16,"column":3}}]},"5":{"type":"branch","line":16,"loc":{"start":{"line":16,"column":2},"end":{"line":21,"column":1}},"locations":[{"start":{"line":16,"column":2},"end":{"line":21,"column":1}}]}},"b":{"0":[6],"1":[4],"2":[2],"3":[5],"4":[2],"5":[4]},"fnMap":{"0":{"name":"remove","decl":{"start":{"line":9,"column":7},"end":{"line":21,"column":1}},"loc":{"start":{"line":9,"column":7},"end":{"line":21,"column":1}},"line":9}},"f":{"0":6}}
,"C:\\Users\\pol.gubau\\dev\\packages\\utils\\animated\\packages\\utils\\src\\arrays\\shuffle.ts": {"path":"C:\\Users\\pol.gubau\\dev\\packages\\utils\\animated\\packages\\utils\\src\\arrays\\shuffle.ts","all":false,"statementMap":{"14":{"start":{"line":15,"column":0},"end":{"line":15,"column":52}},"15":{"start":{"line":16,"column":0},"end":{"line":16,"column":29}},"20":{"start":{"line":21,"column":0},"end":{"line":21,"column":48}},"21":{"start":{"line":22,"column":0},"end":{"line":22,"column":50}},"22":{"start":{"line":23,"column":0},"end":{"line":23,"column":25}},"23":{"start":{"line":24,"column":0},"end":{"line":24,"column":28}},"25":{"start":{"line":26,"column":0},"end":{"line":26,"column":29}},"26":{"start":{"line":27,"column":0},"end":{"line":27,"column":15}},"27":{"start":{"line":28,"column":0},"end":{"line":28,"column":5}},"29":{"start":{"line":30,"column":0},"end":{"line":30,"column":38}},"30":{"start":{"line":31,"column":0},"end":{"line":31,"column":3}},"32":{"start":{"line":33,"column":0},"end":{"line":33,"column":16}},"33":{"start":{"line":34,"column":0},"end":{"line":34,"column":1}}},"s":{"14":1,"15":3,"20":3,"21":12,"22":12,"23":12,"25":12,"26":2,"27":2,"29":10,"30":10,"32":3,"33":3},"branchMap":{"0":{"type":"branch","line":15,"loc":{"start":{"line":15,"column":7},"end":{"line":34,"column":1}},"locations":[{"start":{"line":15,"column":7},"end":{"line":34,"column":1}}]},"1":{"type":"branch","line":21,"loc":{"start":{"line":21,"column":47},"end":{"line":31,"column":3}},"locations":[{"start":{"line":21,"column":47},"end":{"line":31,"column":3}}]},"2":{"type":"branch","line":26,"loc":{"start":{"line":26,"column":10},"end":{"line":26,"column":28}},"locations":[{"start":{"line":26,"column":10},"end":{"line":26,"column":28}}]},"3":{"type":"branch","line":26,"loc":{"start":{"line":26,"column":28},"end":{"line":28,"column":5}},"locations":[{"start":{"line":26,"column":28},"end":{"line":28,"column":5}}]},"4":{"type":"branch","line":28,"loc":{"start":{"line":28,"column":4},"end":{"line":31,"column":3}},"locations":[{"start":{"line":28,"column":4},"end":{"line":31,"column":3}}]}},"b":{"0":[3],"1":[12],"2":[10],"3":[2],"4":[10]},"fnMap":{"0":{"name":"shuffle","decl":{"start":{"line":15,"column":7},"end":{"line":34,"column":1}},"loc":{"start":{"line":15,"column":7},"end":{"line":34,"column":1}},"line":15}},"f":{"0":3}}
,"C:\\Users\\pol.gubau\\dev\\packages\\utils\\animated\\packages\\utils\\src\\comparators\\is-client\\is-client.ts": {"path":"C:\\Users\\pol.gubau\\dev\\packages\\utils\\animated\\packages\\utils\\src\\comparators\\is-client\\is-client.ts","all":false,"statementMap":{"0":{"start":{"line":1,"column":0},"end":{"line":1,"column":75}}},"s":{"0":1},"branchMap":{"0":{"type":"branch","line":1,"loc":{"start":{"line":1,"column":39},"end":{"line":1,"column":75}},"locations":[{"start":{"line":1,"column":39},"end":{"line":1,"column":75}}]}},"b":{"0":[2]},"fnMap":{"0":{"name":"isClient","decl":{"start":{"line":1,"column":39},"end":{"line":1,"column":75}},"loc":{"start":{"line":1,"column":39},"end":{"line":1,"column":75}},"line":1}},"f":{"0":2}}
,"C:\\Users\\pol.gubau\\dev\\packages\\utils\\animated\\packages\\utils\\src\\comparators\\is-deep-key\\isDeepKey.ts": {"path":"C:\\Users\\pol.gubau\\dev\\packages\\utils\\animated\\packages\\utils\\src\\comparators\\is-deep-key\\isDeepKey.ts","all":false,"statementMap":{"17":{"start":{"line":18,"column":0},"end":{"line":18,"column":54}},"18":{"start":{"line":19,"column":0},"end":{"line":19,"column":23}},"19":{"start":{"line":20,"column":0},"end":{"line":20,"column":18}},"20":{"start":{"line":21,"column":0},"end":{"line":21,"column":20}},"21":{"start":{"line":22,"column":0},"end":{"line":22,"column":19}},"22":{"start":{"line":23,"column":0},"end":{"line":23,"column":5}},"23":{"start":{"line":24,"column":0},"end":{"line":24,"column":20}},"24":{"start":{"line":25,"column":0},"end":{"line":25,"column":73}},"25":{"start":{"line":26,"column":0},"end":{"line":26,"column":5}},"26":{"start":{"line":27,"column":0},"end":{"line":27,"column":14}},"27":{"start":{"line":28,"column":0},"end":{"line":28,"column":19}},"28":{"start":{"line":29,"column":0},"end":{"line":29,"column":5}},"29":{"start":{"line":30,"column":0},"end":{"line":30,"column":3}},"30":{"start":{"line":31,"column":0},"end":{"line":31,"column":1}}},"s":{"17":1,"18":7,"19":7,"20":7,"21":1,"22":1,"23":7,"24":5,"25":5,"26":7,"27":1,"28":1,"29":7,"30":7},"branchMap":{"0":{"type":"branch","line":18,"loc":{"start":{"line":18,"column":7},"end":{"line":31,"column":1}},"locations":[{"start":{"line":18,"column":7},"end":{"line":31,"column":1}}]},"1":{"type":"branch","line":20,"loc":{"start":{"line":20,"column":4},"end":{"line":20,"column":18}},"locations":[{"start":{"line":20,"column":4},"end":{"line":20,"column":18}}]},"2":{"type":"branch","line":21,"loc":{"start":{"line":21,"column":4},"end":{"line":23,"column":5}},"locations":[{"start":{"line":21,"column":4},"end":{"line":23,"column":5}}]},"3":{"type":"branch","line":24,"loc":{"start":{"line":24,"column":4},"end":{"line":26,"column":5}},"locations":[{"start":{"line":24,"column":4},"end":{"line":26,"column":5}}]},"4":{"type":"branch","line":25,"loc":{"start":{"line":25,"column":29},"end":{"line":25,"column":55}},"locations":[{"start":{"line":25,"column":29},"end":{"line":25,"column":55}}]},"5":{"type":"branch","line":25,"loc":{"start":{"line":25,"column":50},"end":{"line":25,"column":73}},"locations":[{"start":{"line":25,"column":50},"end":{"line":25,"column":73}}]},"6":{"type":"branch","line":27,"loc":{"start":{"line":27,"column":4},"end":{"line":29,"column":5}},"locations":[{"start":{"line":27,"column":4},"end":{"line":29,"column":5}}]}},"b":{"0":[7],"1":[1],"2":[1],"3":[5],"4":[3],"5":[1],"6":[1]},"fnMap":{"0":{"name":"isDeepKey","decl":{"start":{"line":18,"column":7},"end":{"line":31,"column":1}},"loc":{"start":{"line":18,"column":7},"end":{"line":31,"column":1}},"line":18}},"f":{"0":7}}
,"C:\\Users\\pol.gubau\\dev\\packages\\utils\\animated\\packages\\utils\\src\\comparators\\is-equal\\is-equal.ts": {"path":"C:\\Users\\pol.gubau\\dev\\packages\\utils\\animated\\packages\\utils\\src\\comparators\\is-equal\\is-equal.ts","all":false,"statementMap":{"0":{"start":{"line":1,"column":0},"end":{"line":1,"column":63}},"1":{"start":{"line":2,"column":0},"end":{"line":2,"column":40}},"2":{"start":{"line":3,"column":0},"end":{"line":3,"column":17}},"3":{"start":{"line":4,"column":0},"end":{"line":4,"column":3}},"5":{"start":{"line":6,"column":0},"end":{"line":6,"column":43}},"6":{"start":{"line":7,"column":0},"end":{"line":7,"column":34}},"7":{"start":{"line":8,"column":0},"end":{"line":8,"column":19}},"8":{"start":{"line":9,"column":0},"end":{"line":9,"column":5}},"9":{"start":{"line":10,"column":0},"end":{"line":10,"column":3}},"11":{"start":{"line":12,"column":0},"end":{"line":12,"column":14}},"12":{"start":{"line":13,"column":0},"end":{"line":13,"column":1}}},"s":{"0":1,"1":3,"2":1,"3":1,"5":3,"6":6,"7":1,"8":1,"9":6,"11":1,"12":1},"branchMap":{"0":{"type":"branch","line":1,"loc":{"start":{"line":1,"column":7},"end":{"line":13,"column":1}},"locations":[{"start":{"line":1,"column":7},"end":{"line":13,"column":1}}]},"1":{"type":"branch","line":2,"loc":{"start":{"line":2,"column":39},"end":{"line":4,"column":3}},"locations":[{"start":{"line":2,"column":39},"end":{"line":4,"column":3}}]},"2":{"type":"branch","line":4,"loc":{"start":{"line":4,"column":2},"end":{"line":6,"column":42}},"locations":[{"start":{"line":4,"column":2},"end":{"line":6,"column":42}}]},"3":{"type":"branch","line":6,"loc":{"start":{"line":6,"column":42},"end":{"line":10,"column":3}},"locations":[{"start":{"line":6,"column":42},"end":{"line":10,"column":3}}]},"4":{"type":"branch","line":7,"loc":{"start":{"line":7,"column":33},"end":{"line":9,"column":5}},"locations":[{"start":{"line":7,"column":33},"end":{"line":9,"column":5}}]},"5":{"type":"branch","line":10,"loc":{"start":{"line":10,"column":2},"end":{"line":13,"column":1}},"locations":[{"start":{"line":10,"column":2},"end":{"line":13,"column":1}}]}},"b":{"0":[3],"1":[1],"2":[2],"3":[6],"4":[1],"5":[1]},"fnMap":{"0":{"name":"isEqual","decl":{"start":{"line":1,"column":7},"end":{"line":13,"column":1}},"loc":{"start":{"line":1,"column":7},"end":{"line":13,"column":1}},"line":1}},"f":{"0":3}}
,"C:\\Users\\pol.gubau\\dev\\packages\\utils\\animated\\packages\\utils\\src\\comparators\\is-object\\is-object.ts": {"path":"C:\\Users\\pol.gubau\\dev\\packages\\utils\\animated\\packages\\utils\\src\\comparators\\is-object\\is-object.ts","all":false,"statementMap":{"5":{"start":{"line":6,"column":0},"end":{"line":6,"column":74}},"6":{"start":{"line":7,"column":0},"end":{"line":7,"column":82}},"7":{"start":{"line":8,"column":0},"end":{"line":8,"column":1}}},"s":{"5":1,"6":49,"7":49},"branchMap":{"0":{"type":"branch","line":6,"loc":{"start":{"line":6,"column":7},"end":{"line":8,"column":1}},"locations":[{"start":{"line":6,"column":7},"end":{"line":8,"column":1}}]},"1":{"type":"branch","line":7,"loc":{"start":{"line":7,"column":18},"end":{"line":7,"column":54}},"locations":[{"start":{"line":7,"column":18},"end":{"line":7,"column":54}}]},"2":{"type":"branch","line":7,"loc":{"start":{"line":7,"column":42},"end":{"line":7,"column":82}},"locations":[{"start":{"line":7,"column":42},"end":{"line":7,"column":82}}]}},"b":{"0":[49],"1":[47],"2":[33]},"fnMap":{"0":{"name":"isObject","decl":{"start":{"line":6,"column":7},"end":{"line":8,"column":1}},"loc":{"start":{"line":6,"column":7},"end":{"line":8,"column":1}},"line":6}},"f":{"0":49}}
,"C:\\Users\\pol.gubau\\dev\\packages\\utils\\animated\\packages\\utils\\src\\dates\\getTimeAgo\\getTimeAgo.ts": {"path":"C:\\Users\\pol.gubau\\dev\\packages\\utils\\animated\\packages\\utils\\src\\dates\\getTimeAgo\\getTimeAgo.ts","all":false,"statementMap":{"0":{"start":{"line":1,"column":0},"end":{"line":1,"column":20}},"1":{"start":{"line":2,"column":0},"end":{"line":2,"column":12}},"2":{"start":{"line":3,"column":0},"end":{"line":3,"column":12}},"3":{"start":{"line":4,"column":0},"end":{"line":4,"column":12}},"4":{"start":{"line":5,"column":0},"end":{"line":5,"column":11}},"5":{"start":{"line":6,"column":0},"end":{"line":6,"column":2}},"7":{"start":{"line":8,"column":0},"end":{"line":8,"column":85}},"9":{"start":{"line":10,"column":0},"end":{"line":10,"column":36}},"10":{"start":{"line":11,"column":0},"end":{"line":11,"column":24}},"11":{"start":{"line":12,"column":0},"end":{"line":12,"column":60}},"12":{"start":{"line":13,"column":0},"end":{"line":13,"column":52}},"14":{"start":{"line":15,"column":0},"end":{"line":15,"column":43}},"15":{"start":{"line":16,"column":0},"end":{"line":16,"column":10}},"16":{"start":{"line":17,"column":0},"end":{"line":17,"column":54}},"17":{"start":{"line":18,"column":0},"end":{"line":18,"column":15}},"18":{"start":{"line":19,"column":0},"end":{"line":19,"column":4}},"19":{"start":{"line":20,"column":0},"end":{"line":20,"column":2}},"21":{"start":{"line":22,"column":0},"end":{"line":22,"column":66}},"22":{"start":{"line":23,"column":0},"end":{"line":23,"column":43}},"23":{"start":{"line":24,"column":0},"end":{"line":24,"column":11}},"24":{"start":{"line":25,"column":0},"end":{"line":25,"column":54}},"25":{"start":{"line":26,"column":0},"end":{"line":26,"column":46}},"26":{"start":{"line":27,"column":0},"end":{"line":27,"column":5}},"27":{"start":{"line":28,"column":0},"end":{"line":28,"column":3}},"28":{"start":{"line":29,"column":0},"end":{"line":29,"column":2}},"30":{"start":{"line":31,"column":0},"end":{"line":31,"column":37}},"31":{"start":{"line":32,"column":0},"end":{"line":32,"column":2}},"37":{"start":{"line":38,"column":0},"end":{"line":38,"column":27}},"38":{"start":{"line":39,"column":0},"end":{"line":39,"column":19}},"39":{"start":{"line":40,"column":0},"end":{"line":40,"column":31}},"40":{"start":{"line":41,"column":0},"end":{"line":41,"column":20}},"41":{"start":{"line":42,"column":0},"end":{"line":42,"column":3}},"42":{"start":{"line":43,"column":0},"end":{"line":43,"column":14}},"43":{"start":{"line":44,"column":0},"end":{"line":44,"column":28}},"44":{"start":{"line":45,"column":0},"end":{"line":45,"column":50}},"45":{"start":{"line":46,"column":0},"end":{"line":46,"column":20}},"46":{"start":{"line":47,"column":0},"end":{"line":47,"column":4}},"47":{"start":{"line":48,"column":0},"end":{"line":48,"column":55}},"48":{"start":{"line":49,"column":0},"end":{"line":49,"column":61}},"49":{"start":{"line":50,"column":0},"end":{"line":50,"column":32}},"50":{"start":{"line":51,"column":0},"end":{"line":51,"column":2}}},"s":{"0":1,"1":1,"2":1,"3":1,"4":1,"5":1,"7":1,"9":1,"10":7,"11":7,"12":7,"14":7,"15":3,"16":3,"17":3,"18":3,"19":3,"21":7,"22":13,"23":3,"24":3,"25":3,"26":3,"27":3,"28":13,"30":1,"31":1,"37":1,"38":2,"39":2,"40":2,"41":2,"42":2,"43":2,"44":2,"45":2,"46":2,"47":2,"48":2,"49":2,"50":2},"branchMap":{"0":{"type":"branch","line":8,"loc":{"start":{"line":8,"column":30},"end":{"line":8,"column":85}},"locations":[{"start":{"line":8,"column":30},"end":{"line":8,"column":85}}]},"1":{"type":"branch","line":10,"loc":{"start":{"line":10,"column":35},"end":{"line":32,"column":2}},"locations":[{"start":{"line":10,"column":35},"end":{"line":32,"column":2}}]},"2":{"type":"branch","line":15,"loc":{"start":{"line":15,"column":42},"end":{"line":20,"column":2}},"locations":[{"start":{"line":15,"column":42},"end":{"line":20,"column":2}}]},"3":{"type":"branch","line":20,"loc":{"start":{"line":20,"column":1},"end":{"line":22,"column":65}},"locations":[{"start":{"line":20,"column":1},"end":{"line":22,"column":65}}]},"4":{"type":"branch","line":22,"loc":{"start":{"line":22,"column":65},"end":{"line":29,"column":2}},"locations":[{"start":{"line":22,"column":65},"end":{"line":29,"column":2}}]},"5":{"type":"branch","line":23,"loc":{"start":{"line":23,"column":42},"end":{"line":28,"column":3}},"locations":[{"start":{"line":23,"column":42},"end":{"line":28,"column":3}}]},"6":{"type":"branch","line":29,"loc":{"start":{"line":29,"column":1},"end":{"line":32,"column":2}},"locations":[{"start":{"line":29,"column":1},"end":{"line":32,"column":2}}]},"7":{"type":"branch","line":38,"loc":{"start":{"line":38,"column":26},"end":{"line":51,"column":2}},"locations":[{"start":{"line":38,"column":26},"end":{"line":51,"column":2}}]}},"b":{"0":[3],"1":[7],"2":[3],"3":[4],"4":[13],"5":[3],"6":[1],"7":[2]},"fnMap":{"0":{"name":"getSecondsDiff","decl":{"start":{"line":8,"column":30},"end":{"line":8,"column":85}},"loc":{"start":{"line":8,"column":30},"end":{"line":8,"column":85}},"line":8},"1":{"name":"getUnitAndValueDate","decl":{"start":{"line":10,"column":35},"end":{"line":32,"column":2}},"loc":{"start":{"line":10,"column":35},"end":{"line":32,"column":2}},"line":10},"2":{"name":"getTimeAgo","decl":{"start":{"line":38,"column":26},"end":{"line":51,"column":2}},"loc":{"start":{"line":38,"column":26},"end":{"line":51,"column":2}},"line":38}},"f":{"0":3,"1":7,"2":2}}
,"C:\\Users\\pol.gubau\\dev\\packages\\utils\\animated\\packages\\utils\\src\\functions\\copy-clipboard\\copy-clipboard.ts": {"path":"C:\\Users\\pol.gubau\\dev\\packages\\utils\\animated\\packages\\utils\\src\\functions\\copy-clipboard\\copy-clipboard.ts","all":false,"statementMap":{"2":{"start":{"line":3,"column":0},"end":{"line":3,"column":56}},"3":{"start":{"line":4,"column":0},"end":{"line":4,"column":30}},"4":{"start":{"line":5,"column":0},"end":{"line":5,"column":44}},"5":{"start":{"line":6,"column":0},"end":{"line":6,"column":17}},"6":{"start":{"line":7,"column":0},"end":{"line":7,"column":3}},"9":{"start":{"line":10,"column":0},"end":{"line":10,"column":44}},"11":{"start":{"line":12,"column":0},"end":{"line":12,"column":14}},"12":{"start":{"line":13,"column":0},"end":{"line":13,"column":2}}},"s":{"2":1,"3":3,"4":1,"5":1,"6":1,"9":2,"11":1,"12":1},"branchMap":{"0":{"type":"branch","line":3,"loc":{"start":{"line":3,"column":39},"end":{"line":13,"column":2}},"locations":[{"start":{"line":3,"column":39},"end":{"line":13,"column":2}}]},"1":{"type":"branch","line":4,"loc":{"start":{"line":4,"column":29},"end":{"line":7,"column":3}},"locations":[{"start":{"line":4,"column":29},"end":{"line":7,"column":3}}]},"2":{"type":"branch","line":7,"loc":{"start":{"line":7,"column":2},"end":{"line":10,"column":44}},"locations":[{"start":{"line":7,"column":2},"end":{"line":10,"column":44}}]},"3":{"type":"branch","line":10,"loc":{"start":{"line":10,"column":42},"end":{"line":13,"column":2}},"locations":[{"start":{"line":10,"column":42},"end":{"line":13,"column":2}}]}},"b":{"0":[3],"1":[1],"2":[2],"3":[1]},"fnMap":{"0":{"name":"copyToClipboard","decl":{"start":{"line":3,"column":39},"end":{"line":13,"column":2}},"loc":{"start":{"line":3,"column":39},"end":{"line":13,"column":2}},"line":3}},"f":{"0":3}}
,"C:\\Users\\pol.gubau\\dev\\packages\\utils\\animated\\packages\\utils\\src\\functions\\debounce\\debounce.ts": {"path":"C:\\Users\\pol.gubau\\dev\\packages\\utils\\animated\\packages\\utils\\src\\functions\\debounce\\debounce.ts","all":false,"statementMap":{"8":{"start":{"line":9,"column":0},"end":{"line":9,"column":55}},"10":{"start":{"line":11,"column":0},"end":{"line":11,"column":17}},"12":{"start":{"line":13,"column":0},"end":{"line":13,"column":30}},"13":{"start":{"line":14,"column":0},"end":{"line":14,"column":24}},"14":{"start":{"line":15,"column":0},"end":{"line":15,"column":30}},"15":{"start":{"line":16,"column":0},"end":{"line":16,"column":18}},"16":{"start":{"line":17,"column":0},"end":{"line":17,"column":14}},"17":{"start":{"line":18,"column":0},"end":{"line":18,"column":4}},"18":{"start":{"line":19,"column":0},"end":{"line":19,"column":1}}},"s":{"8":1,"10":3,"12":3,"13":7,"14":7,"15":3,"16":7,"17":7,"18":3},"branchMap":{"0":{"type":"branch","line":9,"loc":{"start":{"line":9,"column":7},"end":{"line":19,"column":1}},"locations":[{"start":{"line":9,"column":7},"end":{"line":19,"column":1}}]},"1":{"type":"branch","line":13,"loc":{"start":{"line":13,"column":9},"end":{"line":18,"column":4}},"locations":[{"start":{"line":13,"column":9},"end":{"line":18,"column":4}}]},"2":{"type":"branch","line":15,"loc":{"start":{"line":15,"column":23},"end":{"line":17,"column":7}},"locations":[{"start":{"line":15,"column":23},"end":{"line":17,"column":7}}]}},"b":{"0":[3],"1":[7],"2":[3]},"fnMap":{"0":{"name":"debounce","decl":{"start":{"line":9,"column":7},"end":{"line":19,"column":1}},"loc":{"start":{"line":9,"column":7},"end":{"line":19,"column":1}},"line":9}},"f":{"0":3}}
,"C:\\Users\\pol.gubau\\dev\\packages\\utils\\animated\\packages\\utils\\src\\functions\\encryption\\encryption.ts": {"path":"C:\\Users\\pol.gubau\\dev\\packages\\utils\\animated\\packages\\utils\\src\\functions\\encryption\\encryption.ts","all":false,"statementMap":{"0":{"start":{"line":1,"column":0},"end":{"line":1,"column":34}},"1":{"start":{"line":2,"column":0},"end":{"line":2,"column":34}},"3":{"start":{"line":4,"column":0},"end":{"line":4,"column":56}},"4":{"start":{"line":5,"column":0},"end":{"line":5,"column":39}},"5":{"start":{"line":6,"column":0},"end":{"line":6,"column":29}},"6":{"start":{"line":7,"column":0},"end":{"line":7,"column":63}},"7":{"start":{"line":8,"column":0},"end":{"line":8,"column":3}},"9":{"start":{"line":10,"column":0},"end":{"line":10,"column":39}},"10":{"start":{"line":11,"column":0},"end":{"line":11,"column":10}},"11":{"start":{"line":12,"column":0},"end":{"line":12,"column":60}},"12":{"start":{"line":13,"column":0},"end":{"line":13,"column":24}},"13":{"start":{"line":14,"column":0},"end":{"line":14,"column":10}},"14":{"start":{"line":15,"column":0},"end":{"line":15,"column":27}},"15":{"start":{"line":16,"column":0},"end":{"line":16,"column":4}},"16":{"start":{"line":17,"column":0},"end":{"line":17,"column":1}},"24":{"start":{"line":25,"column":0},"end":{"line":25,"column":75}},"25":{"start":{"line":26,"column":0},"end":{"line":26,"column":40}},"26":{"start":{"line":27,"column":0},"end":{"line":27,"column":56}},"27":{"start":{"line":28,"column":0},"end":{"line":28,"column":48}},"28":{"start":{"line":29,"column":0},"end":{"line":29,"column":28}},"29":{"start":{"line":30,"column":0},"end":{"line":30,"column":16}},"30":{"start":{"line":31,"column":0},"end":{"line":31,"column":25}},"31":{"start":{"line":32,"column":0},"end":{"line":32,"column":4}},"34":{"start":{"line":35,"column":0},"end":{"line":35,"column":71}},"35":{"start":{"line":36,"column":0},"end":{"line":36,"column":46}},"36":{"start":{"line":37,"column":0},"end":{"line":37,"column":1}},"44":{"start":{"line":45,"column":0},"end":{"line":45,"column":84}},"45":{"start":{"line":46,"column":0},"end":{"line":46,"column":40}},"46":{"start":{"line":47,"column":0},"end":{"line":47,"column":76}},"48":{"start":{"line":49,"column":0},"end":{"line":49,"column":31}},"49":{"start":{"line":50,"column":0},"end":{"line":50,"column":39}},"50":{"start":{"line":51,"column":0},"end":{"line":51,"column":48}},"51":{"start":{"line":52,"column":0},"end":{"line":52,"column":28}},"52":{"start":{"line":53,"column":0},"end":{"line":53,"column":16}},"53":{"start":{"line":54,"column":0},"end":{"line":54,"column":18}},"54":{"start":{"line":55,"column":0},"end":{"line":55,"column":4}},"56":{"start":{"line":57,"column":0},"end":{"line":57,"column":35}},"57":{"start":{"line":58,"column":0},"end":{"line":58,"column":1}}},"s":{"0":1,"1":1,"3":7,"4":7,"5":7,"6":2,"7":2,"9":5,"10":5,"11":5,"12":5,"13":5,"14":5,"15":5,"16":5,"24":5,"25":5,"26":4,"27":4,"28":4,"29":4,"30":4,"31":4,"34":4,"35":4,"36":4,"44":2,"45":2,"46":1,"48":1,"49":1,"50":1,"51":1,"52":1,"53":1,"54":1,"56":1,"57":1},"branchMap":{"0":{"type":"branch","line":4,"loc":{"start":{"line":4,"column":0},"end":{"line":17,"column":1}},"locations":[{"start":{"line":4,"column":0},"end":{"line":17,"column":1}}]},"1":{"type":"branch","line":6,"loc":{"start":{"line":6,"column":28},"end":{"line":8,"column":3}},"locations":[{"start":{"line":6,"column":28},"end":{"line":8,"column":3}}]},"2":{"type":"branch","line":8,"loc":{"start":{"line":8,"column":2},"end":{"line":17,"column":1}},"locations":[{"start":{"line":8,"column":2},"end":{"line":17,"column":1}}]},"3":{"type":"branch","line":25,"loc":{"start":{"line":25,"column":0},"end":{"line":37,"column":1}},"locations":[{"start":{"line":25,"column":0},"end":{"line":37,"column":1}}]},"4":{"type":"branch","line":26,"loc":{"start":{"line":26,"column":38},"end":{"line":37,"column":1}},"locations":[{"start":{"line":26,"column":38},"end":{"line":37,"column":1}}]},"5":{"type":"branch","line":45,"loc":{"start":{"line":45,"column":0},"end":{"line":58,"column":1}},"locations":[{"start":{"line":45,"column":0},"end":{"line":58,"column":1}}]},"6":{"type":"branch","line":46,"loc":{"start":{"line":46,"column":38},"end":{"line":58,"column":1}},"locations":[{"start":{"line":46,"column":38},"end":{"line":58,"column":1}}]},"7":{"type":"branch","line":47,"loc":{"start":{"line":47,"column":52},"end":{"line":47,"column":74}},"locations":[{"start":{"line":47,"column":52},"end":{"line":47,"column":74}}]}},"b":{"0":[7],"1":[2],"2":[5],"3":[5],"4":[4],"5":[2],"6":[1],"7":[41]},"fnMap":{"0":{"name":"getKey","decl":{"start":{"line":4,"column":0},"end":{"line":17,"column":1}},"loc":{"start":{"line":4,"column":0},"end":{"line":17,"column":1}},"line":4},"1":{"name":"encrypt","decl":{"start":{"line":25,"column":0},"end":{"line":37,"column":1}},"loc":{"start":{"line":25,"column":0},"end":{"line":37,"column":1}},"line":25},"2":{"name":"decrypt","decl":{"start":{"line":45,"column":0},"end":{"line":58,"column":1}},"loc":{"start":{"line":45,"column":0},"end":{"line":58,"column":1}},"line":45}},"f":{"0":7,"1":5,"2":2}}
,"C:\\Users\\pol.gubau\\dev\\packages\\utils\\animated\\packages\\utils\\src\\functions\\fuzzy-finder\\fuzzyFinder.ts": {"path":"C:\\Users\\pol.gubau\\dev\\packages\\utils\\animated\\packages\\utils\\src\\functions\\fuzzy-finder\\fuzzyFinder.ts","all":false,"statementMap":{"5":{"start":{"line":6,"column":0},"end":{"line":6,"column":27}},"11":{"start":{"line":12,"column":0},"end":{"line":12,"column":33}},"12":{"start":{"line":13,"column":0},"end":{"line":13,"column":37}},"14":{"start":{"line":15,"column":0},"end":{"line":15,"column":34}},"18":{"start":{"line":19,"column":0},"end":{"line":19,"column":34}},"26":{"start":{"line":27,"column":0},"end":{"line":27,"column":35}},"34":{"start":{"line":35,"column":0},"end":{"line":35,"column":39}},"45":{"start":{"line":46,"column":0},"end":{"line":46,"column":38}},"47":{"start":{"line":48,"column":0},"end":{"line":48,"column":44}},"48":{"start":{"line":49,"column":0},"end":{"line":49,"column":32}},"49":{"start":{"line":50,"column":0},"end":{"line":50,"column":36}},"51":{"start":{"line":52,"column":0},"end":{"line":52,"column":33}},"52":{"start":{"line":53,"column":0},"end":{"line":53,"column":17}},"53":{"start":{"line":54,"column":0},"end":{"line":54,"column":23}},"54":{"start":{"line":55,"column":0},"end":{"line":55,"column":22}},"55":{"start":{"line":56,"column":0},"end":{"line":56,"column":28}},"56":{"start":{"line":57,"column":0},"end":{"line":57,"column":22}},"57":{"start":{"line":58,"column":0},"end":{"line":58,"column":28}},"58":{"start":{"line":59,"column":0},"end":{"line":59,"column":42}},"59":{"start":{"line":60,"column":0},"end":{"line":60,"column":3}},"60":{"start":{"line":61,"column":0},"end":{"line":61,"column":50}},"61":{"start":{"line":62,"column":0},"end":{"line":62,"column":40}},"62":{"start":{"line":63,"column":0},"end":{"line":63,"column":30}},"63":{"start":{"line":64,"column":0},"end":{"line":64,"column":5}},"64":{"start":{"line":65,"column":0},"end":{"line":65,"column":36}},"65":{"start":{"line":66,"column":0},"end":{"line":66,"column":3}},"67":{"start":{"line":68,"column":0},"end":{"line":68,"column":59}},"68":{"start":{"line":69,"column":0},"end":{"line":69,"column":50}},"69":{"start":{"line":70,"column":0},"end":{"line":70,"column":39}},"70":{"start":{"line":71,"column":0},"end":{"line":71,"column":3}},"72":{"start":{"line":73,"column":0},"end":{"line":73,"column":71}},"73":{"start":{"line":74,"column":0},"end":{"line":74,"column":65}},"74":{"start":{"line":75,"column":0},"end":{"line":75,"column":20}},"76":{"start":{"line":77,"column":0},"end":{"line":77,"column":20}},"77":{"start":{"line":78,"column":0},"end":{"line":78,"column":30}},"78":{"start":{"line":79,"column":0},"end":{"line":79,"column":43}},"80":{"start":{"line":81,"column":0},"end":{"line":81,"column":22}},"81":{"start":{"line":82,"column":0},"end":{"line":82,"column":29}},"82":{"start":{"line":83,"column":0},"end":{"line":83,"column":13}},"83":{"start":{"line":84,"column":0},"end":{"line":84,"column":19}},"84":{"start":{"line":85,"column":0},"end":{"line":85,"column":18}},"85":{"start":{"line":86,"column":0},"end":{"line":86,"column":24}},"86":{"start":{"line":87,"column":0},"end":{"line":87,"column":16}},"87":{"start":{"line":88,"column":0},"end":{"line":88,"column":28}},"88":{"start":{"line":89,"column":0},"end":{"line":89,"column":22}},"89":{"start":{"line":90,"column":0},"end":{"line":90,"column":6}},"90":{"start":{"line":91,"column":0},"end":{"line":91,"column":28}},"91":{"start":{"line":92,"column":0},"end":{"line":92,"column":34}},"92":{"start":{"line":93,"column":0},"end":{"line":93,"column":34}},"93":{"start":{"line":94,"column":0},"end":{"line":94,"column":64}},"94":{"start":{"line":95,"column":0},"end":{"line":95,"column":42}},"95":{"start":{"line":96,"column":0},"end":{"line":96,"column":66}},"96":{"start":{"line":97,"column":0},"end":{"line":97,"column":38}},"97":{"start":{"line":98,"column":0},"end":{"line":98,"column":85}},"99":{"start":{"line":100,"column":0},"end":{"line":100,"column":45}},"100":{"start":{"line":101,"column":0},"end":{"line":101,"column":62}},"101":{"start":{"line":102,"column":0},"end":{"line":102,"column":9}},"102":{"start":{"line":103,"column":0},"end":{"line":103,"column":14}},"103":{"start":{"line":104,"column":0},"end":{"line":104,"column":38}},"104":{"start":{"line":105,"column":0},"end":{"line":105,"column":30}},"105":{"start":{"line":106,"column":0},"end":{"line":106,"column":65}},"106":{"start":{"line":107,"column":0},"end":{"line":107,"column":9}},"107":{"start":{"line":108,"column":0},"end":{"line":108,"column":7}},"109":{"start":{"line":110,"column":0},"end":{"line":110,"column":76}},"110":{"start":{"line":111,"column":0},"end":{"line":111,"column":41}},"111":{"start":{"line":112,"column":0},"end":{"line":112,"column":7}},"112":{"start":{"line":113,"column":0},"end":{"line":113,"column":5}},"114":{"start":{"line":115,"column":0},"end":{"line":115,"column":8}},"115":{"start":{"line":116,"column":0},"end":{"line":116,"column":39}},"116":{"start":{"line":117,"column":0},"end":{"line":117,"column":93}},"117":{"start":{"line":118,"column":0},"end":{"line":118,"column":143}},"118":{"start":{"line":119,"column":0},"end":{"line":119,"column":86}},"119":{"start":{"line":120,"column":0},"end":{"line":120,"column":7}},"120":{"start":{"line":121,"column":0},"end":{"line":121,"column":41}},"121":{"start":{"line":122,"column":0},"end":{"line":122,"column":15}},"122":{"start":{"line":123,"column":0},"end":{"line":123,"column":21}},"123":{"start":{"line":124,"column":0},"end":{"line":124,"column":20}},"124":{"start":{"line":125,"column":0},"end":{"line":125,"column":26}},"125":{"start":{"line":126,"column":0},"end":{"line":126,"column":18}},"126":{"start":{"line":127,"column":0},"end":{"line":127,"column":30}},"127":{"start":{"line":128,"column":0},"end":{"line":128,"column":24}},"128":{"start":{"line":129,"column":0},"end":{"line":129,"column":8}},"130":{"start":{"line":131,"column":0},"end":{"line":131,"column":60}},"131":{"start":{"line":132,"column":0},"end":{"line":132,"column":56}},"132":{"start":{"line":133,"column":0},"end":{"line":133,"column":7}},"133":{"start":{"line":134,"column":0},"end":{"line":134,"column":5}},"135":{"start":{"line":136,"column":0},"end":{"line":136,"column":28}},"136":{"start":{"line":137,"column":0},"end":{"line":137,"column":24}},"137":{"start":{"line":138,"column":0},"end":{"line":138,"column":5}},"139":{"start":{"line":140,"column":0},"end":{"line":140,"column":61}},"140":{"start":{"line":141,"column":0},"end":{"line":141,"column":3}},"142":{"start":{"line":143,"column":0},"end":{"line":143,"column":42}},"143":{"start":{"line":144,"column":0},"end":{"line":144,"column":19}},"144":{"start":{"line":145,"column":0},"end":{"line":145,"column":1}},"146":{"start":{"line":147,"column":0},"end":{"line":147,"column":38}},"147":{"start":{"line":148,"column":0},"end":{"line":148,"column":135}},"148":{"start":{"line":149,"column":0},"end":{"line":149,"column":1}},"150":{"start":{"line":151,"column":0},"end":{"line":151,"column":94}},"151":{"start":{"line":152,"column":0},"end":{"line":152,"column":91}},"152":{"start":{"line":153,"column":0},"end":{"line":153,"column":101}},"153":{"start":{"line":154,"column":0},"end":{"line":154,"column":1}}},"s":{"5":1,"11":1,"12":1,"14":1,"18":1,"26":1,"34":1,"45":1,"47":1,"48":1,"49":1,"51":1,"52":79,"53":79,"54":79,"55":79,"56":79,"57":79,"58":79,"59":79,"60":79,"61":18,"62":3,"63":3,"64":15,"65":15,"67":61,"68":79,"69":5,"70":5,"72":56,"73":56,"74":56,"76":56,"77":56,"78":56,"80":79,"81":58,"82":58,"83":58,"84":58,"85":58,"86":58,"87":58,"88":58,"89":58,"90":58,"91":48,"92":30,"93":48,"94":4,"95":18,"96":6,"97":6,"99":6,"100":1,"101":1,"102":14,"103":8,"104":8,"105":8,"106":8,"107":8,"109":48,"110":10,"111":10,"112":48,"114":58,"115":58,"116":17,"117":54,"118":5,"119":58,"120":9,"121":9,"122":9,"123":9,"124":9,"125":9,"126":9,"127":9,"128":9,"130":9,"131":6,"132":6,"133":9,"135":58,"136":49,"137":49,"139":58,"140":58,"142":56,"143":56,"144":56,"146":24,"147":24,"148":24,"150":1,"151":12,"152":12,"153":12},"branchMap":{"0":{"type":"branch","line":52,"loc":{"start":{"line":52,"column":7},"end":{"line":145,"column":1}},"locations":[{"start":{"line":52,"column":7},"end":{"line":145,"column":1}}]},"1":{"type":"branch","line":61,"loc":{"start":{"line":61,"column":49},"end":{"line":66,"column":3}},"locations":[{"start":{"line":61,"column":49},"end":{"line":66,"column":3}}]},"2":{"type":"branch","line":62,"loc":{"start":{"line":62,"column":39},"end":{"line":64,"column":5}},"locations":[{"start":{"line":62,"column":39},"end":{"line":64,"column":5}}]},"3":{"type":"branch","line":64,"loc":{"start":{"line":64,"column":4},"end":{"line":66,"column":3}},"locations":[{"start":{"line":64,"column":4},"end":{"line":66,"column":3}}]},"4":{"type":"branch","line":66,"loc":{"start":{"line":66,"column":2},"end":{"line":69,"column":49}},"locations":[{"start":{"line":66,"column":2},"end":{"line":69,"column":49}}]},"5":{"type":"branch","line":69,"loc":{"start":{"line":69,"column":49},"end":{"line":71,"column":3}},"locations":[{"start":{"line":69,"column":49},"end":{"line":71,"column":3}}]},"6":{"type":"branch","line":71,"loc":{"start":{"line":71,"column":2},"end":{"line":81,"column":21}},"locations":[{"start":{"line":71,"column":2},"end":{"line":81,"column":21}}]},"7":{"type":"branch","line":81,"loc":{"start":{"line":81,"column":21},"end":{"line":141,"column":3}},"locations":[{"start":{"line":81,"column":21},"end":{"line":141,"column":3}}]},"8":{"type":"branch","line":91,"loc":{"start":{"line":91,"column":27},"end":{"line":113,"column":5}},"locations":[{"start":{"line":91,"column":27},"end":{"line":113,"column":5}}]},"9":{"type":"branch","line":92,"loc":{"start":{"line":92,"column":33},"end":{"line":94,"column":17}},"locations":[{"start":{"line":92,"column":33},"end":{"line":94,"column":17}}]},"10":{"type":"branch","line":94,"loc":{"start":{"line":94,"column":6},"end":{"line":108,"column":7}},"locations":[{"start":{"line":94,"column":6},"end":{"line":108,"column":7}}]},"11":{"type":"branch","line":94,"loc":{"start":{"line":94,"column":63},"end":{"line":96,"column":17}},"locations":[{"start":{"line":94,"column":63},"end":{"line":96,"column":17}}]},"12":{"type":"branch","line":96,"loc":{"start":{"line":96,"column":6},"end":{"line":108,"column":7}},"locations":[{"start":{"line":96,"column":6},"end":{"line":108,"column":7}}]},"13":{"type":"branch","line":96,"loc":{"start":{"line":96,"column":65},"end":{"line":103,"column":13}},"locations":[{"start":{"line":96,"column":65},"end":{"line":103,"column":13}}]},"14":{"type":"branch","line":100,"loc":{"start":{"line":100,"column":12},"end":{"line":100,"column":44}},"locations":[{"start":{"line":100,"column":12},"end":{"line":100,"column":44}}]},"15":{"type":"branch","line":100,"loc":{"start":{"line":100,"column":44},"end":{"line":102,"column":9}},"locations":[{"start":{"line":100,"column":44},"end":{"line":102,"column":9}}]},"16":{"type":"branch","line":103,"loc":{"start":{"line":103,"column":6},"end":{"line":108,"column":7}},"locations":[{"start":{"line":103,"column":6},"end":{"line":108,"column":7}}]},"17":{"type":"branch","line":110,"loc":{"start":{"line":110,"column":75},"end":{"line":112,"column":7}},"locations":[{"start":{"line":110,"column":75},"end":{"line":112,"column":7}}]},"18":{"type":"branch","line":116,"loc":{"start":{"line":116,"column":15},"end":{"line":117,"column":93}},"locations":[{"start":{"line":116,"column":15},"end":{"line":117,"column":93}}]},"19":{"type":"branch","line":117,"loc":{"start":{"line":117,"column":88},"end":{"line":119,"column":86}},"locations":[{"start":{"line":117,"column":88},"end":{"line":119,"column":86}}]},"20":{"type":"branch","line":118,"loc":{"start":{"line":118,"column":101},"end":{"line":119,"column":86}},"locations":[{"start":{"line":118,"column":101},"end":{"line":119,"column":86}}]},"21":{"type":"branch","line":120,"loc":{"start":{"line":120,"column":6},"end":{"line":134,"column":5}},"locations":[{"start":{"line":120,"column":6},"end":{"line":134,"column":5}}]},"22":{"type":"branch","line":131,"loc":{"start":{"line":131,"column":59},"end":{"line":133,"column":7}},"locations":[{"start":{"line":131,"column":59},"end":{"line":133,"column":7}}]},"23":{"type":"branch","line":136,"loc":{"start":{"line":136,"column":27},"end":{"line":138,"column":5}},"locations":[{"start":{"line":136,"column":27},"end":{"line":138,"column":5}}]},"24":{"type":"branch","line":141,"loc":{"start":{"line":141,"column":2},"end":{"line":145,"column":1}},"locations":[{"start":{"line":141,"column":2},"end":{"line":145,"column":1}}]},"25":{"type":"branch","line":147,"loc":{"start":{"line":147,"column":0},"end":{"line":149,"column":1}},"locations":[{"start":{"line":147,"column":0},"end":{"line":149,"column":1}}]},"26":{"type":"branch","line":151,"loc":{"start":{"line":151,"column":7},"end":{"line":154,"column":1}},"locations":[{"start":{"line":151,"column":7},"end":{"line":154,"column":1}}]},"27":{"type":"branch","line":152,"loc":{"start":{"line":152,"column":40},"end":{"line":152,"column":84}},"locations":[{"start":{"line":152,"column":40},"end":{"line":152,"column":84}}]},"28":{"type":"branch","line":152,"loc":{"start":{"line":152,"column":79},"end":{"line":152,"column":91}},"locations":[{"start":{"line":152,"column":79},"end":{"line":152,"column":91}}]}},"b":{"0":[79],"1":[18],"2":[3],"3":[15],"4":[61],"5":[5],"6":[56],"7":[58],"8":[48],"9":[30],"10":[18],"11":[4],"12":[14],"13":[6],"14":[1],"15":[1],"16":[8],"17":[10],"18":[17],"19":[54],"20":[5],"21":[9],"22":[6],"23":[49],"24":[56],"25":[24],"26":[12],"27":[9],"28":[3]},"fnMap":{"0":{"name":"fuzzyFinderInner","decl":{"start":{"line":52,"column":7},"end":{"line":145,"column":1}},"loc":{"start":{"line":52,"column":7},"end":{"line":145,"column":1}},"line":52},"1":{"name":"formatInput","decl":{"start":{"line":147,"column":0},"end":{"line":149,"column":1}},"loc":{"start":{"line":147,"column":0},"end":{"line":149,"column":1}},"line":147},"2":{"name":"fuzzyFinder","decl":{"start":{"line":151,"column":7},"end":{"line":154,"column":1}},"loc":{"start":{"line":151,"column":7},"end":{"line":154,"column":1}},"line":151}},"f":{"0":79,"1":24,"2":12}}
,"C:\\Users\\pol.gubau\\dev\\packages\\utils\\animated\\packages\\utils\\src\\functions\\generate-uuid\\generate-uuid.ts": {"path":"C:\\Users\\pol.gubau\\dev\\packages\\utils\\animated\\packages\\utils\\src\\functions\\generate-uuid\\generate-uuid.ts","all":false,"statementMap":{"0":{"start":{"line":1,"column":0},"end":{"line":1,"column":57}},"2":{"start":{"line":3,"column":0},"end":{"line":3,"column":20}},"3":{"start":{"line":4,"column":0},"end":{"line":4,"column":14}},"4":{"start":{"line":5,"column":0},"end":{"line":5,"column":3}},"7":{"start":{"line":8,"column":0},"end":{"line":8,"column":41}},"8":{"start":{"line":9,"column":0},"end":{"line":9,"column":38}},"11":{"start":{"line":12,"column":0},"end":{"line":12,"column":50}},"12":{"start":{"line":13,"column":0},"end":{"line":13,"column":50}},"15":{"start":{"line":16,"column":0},"end":{"line":16,"column":89}},"18":{"start":{"line":19,"column":0},"end":{"line":19,"column":59}},"19":{"start":{"line":20,"column":0},"end":{"line":20,"column":16}},"20":{"start":{"line":21,"column":0},"end":{"line":21,"column":114}},"23":{"start":{"line":24,"column":0},"end":{"line":24,"column":45}},"24":{"start":{"line":25,"column":0},"end":{"line":25,"column":2}}},"s":{"0":1,"2":6,"3":1,"4":1,"7":5,"8":5,"11":5,"12":5,"15":5,"18":5,"19":5,"20":5,"23":6,"24":6},"branchMap":{"0":{"type":"branch","line":1,"loc":{"start":{"line":1,"column":28},"end":{"line":25,"column":2}},"locations":[{"start":{"line":1,"column":28},"end":{"line":25,"column":2}}]},"1":{"type":"branch","line":3,"loc":{"start":{"line":3,"column":19},"end":{"line":5,"column":3}},"locations":[{"start":{"line":3,"column":19},"end":{"line":5,"column":3}}]},"2":{"type":"branch","line":5,"loc":{"start":{"line":5,"column":2},"end":{"line":24,"column":17}},"locations":[{"start":{"line":5,"column":2},"end":{"line":24,"column":17}}]},"3":{"type":"branch","line":24,"loc":{"start":{"line":24,"column":9},"end":{"line":24,"column":40}},"locations":[{"start":{"line":24,"column":9},"end":{"line":24,"column":40}}]},"4":{"type":"branch","line":24,"loc":{"start":{"line":24,"column":36},"end":{"line":24,"column":45}},"locations":[{"start":{"line":24,"column":36},"end":{"line":24,"column":45}}]},"5":{"type":"branch","line":16,"loc":{"start":{"line":16,"column":43},"end":{"line":16,"column":87}},"locations":[{"start":{"line":16,"column":43},"end":{"line":16,"column":87}}]}},"b":{"0":[6],"1":[1],"2":[5],"3":[4],"4":[1],"5":[80]},"fnMap":{"0":{"name":"generateUUID","decl":{"start":{"line":1,"column":28},"end":{"line":25,"column":2}},"loc":{"start":{"line":1,"column":28},"end":{"line":25,"column":2}},"line":1}},"f":{"0":6}}
,"C:\\Users\\pol.gubau\\dev\\packages\\utils\\animated\\packages\\utils\\src\\functions\\sleep\\sleep.ts": {"path":"C:\\Users\\pol.gubau\\dev\\packages\\utils\\animated\\packages\\utils\\src\\functions\\sleep\\sleep.ts","all":false,"statementMap":{"12":{"start":{"line":13,"column":0},"end":{"line":13,"column":69}},"13":{"start":{"line":14,"column":0},"end":{"line":14,"column":23}},"14":{"start":{"line":15,"column":0},"end":{"line":15,"column":31}},"15":{"start":{"line":16,"column":0},"end":{"line":16,"column":35}},"16":{"start":{"line":17,"column":0},"end":{"line":17,"column":10}},"17":{"start":{"line":18,"column":0},"end":{"line":18,"column":18}},"18":{"start":{"line":19,"column":0},"end":{"line":19,"column":3}},"19":{"start":{"line":20,"column":0},"end":{"line":20,"column":65}},"20":{"start":{"line":21,"column":0},"end":{"line":21,"column":2}}},"s":{"12":1,"13":2,"14":2,"15":1,"16":1,"17":1,"18":1,"19":2,"20":2},"branchMap":{"0":{"type":"branch","line":13,"loc":{"start":{"line":13,"column":21},"end":{"line":21,"column":2}},"locations":[{"start":{"line":13,"column":21},"end":{"line":21,"column":2}}]},"1":{"type":"branch","line":15,"loc":{"start":{"line":15,"column":30},"end":{"line":19,"column":3}},"locations":[{"start":{"line":15,"column":30},"end":{"line":19,"column":3}}]},"2":{"type":"branch","line":20,"loc":{"start":{"line":20,"column":21},"end":{"line":20,"column":63}},"locations":[{"start":{"line":20,"column":21},"end":{"line":20,"column":63}}]}},"b":{"0":[2],"1":[1],"2":[2]},"fnMap":{"0":{"name":"sleep","decl":{"start":{"line":13,"column":21},"end":{"line":21,"column":2}},"loc":{"start":{"line":13,"column":21},"end":{"line":21,"column":2}},"line":13}},"f":{"0":2}}
,"C:\\Users\\pol.gubau\\dev\\packages\\utils\\animated\\packages\\utils\\src\\numbers\\clamp\\clamp.ts": {"path":"C:\\Users\\pol.gubau\\dev\\packages\\utils\\animated\\packages\\utils\\src\\numbers\\clamp\\clamp.ts","all":false,"statementMap":{"19":{"start":{"line":20,"column":0},"end":{"line":20,"column":79}},"20":{"start":{"line":21,"column":0},"end":{"line":21,"column":23}},"21":{"start":{"line":22,"column":0},"end":{"line":22,"column":35}},"22":{"start":{"line":23,"column":0},"end":{"line":23,"column":3}},"24":{"start":{"line":25,"column":0},"end":{"line":25,"column":51}},"25":{"start":{"line":26,"column":0},"end":{"line":26,"column":1}}},"s":{"19":1,"20":8,"21":3,"22":3,"24":5,"25":5},"branchMap":{"0":{"type":"branch","line":20,"loc":{"start":{"line":20,"column":7},"end":{"line":26,"column":1}},"locations":[{"start":{"line":20,"column":7},"end":{"line":26,"column":1}}]},"1":{"type":"branch","line":21,"loc":{"start":{"line":21,"column":22},"end":{"line":23,"column":3}},"locations":[{"start":{"line":21,"column":22},"end":{"line":23,"column":3}}]},"2":{"type":"branch","line":23,"loc":{"start":{"line":23,"column":2},"end":{"line":26,"column":1}},"locations":[{"start":{"line":23,"column":2},"end":{"line":26,"column":1}}]}},"b":{"0":[8],"1":[3],"2":[5]},"fnMap":{"0":{"name":"clamp","decl":{"start":{"line":20,"column":7},"end":{"line":26,"column":1}},"loc":{"start":{"line":20,"column":7},"end":{"line":26,"column":1}},"line":20}},"f":{"0":8}}
,"C:\\Users\\pol.gubau\\dev\\packages\\utils\\animated\\packages\\utils\\src\\objects\\clone-deps\\clone-deep.ts": {"path":"C:\\Users\\pol.gubau\\dev\\packages\\utils\\animated\\packages\\utils\\src\\objects\\clone-deps\\clone-deep.ts","all":false,"statementMap":{"0":{"start":{"line":1,"column":0},"end":{"line":1,"column":45}},"8":{"start":{"line":9,"column":0},"end":{"line":9,"column":44}},"9":{"start":{"line":10,"column":0},"end":{"line":10,"column":26}},"10":{"start":{"line":11,"column":0},"end":{"line":11,"column":18}},"11":{"start":{"line":12,"column":0},"end":{"line":12,"column":3}},"13":{"start":{"line":14,"column":0},"end":{"line":14,"column":45}},"15":{"start":{"line":16,"column":0},"end":{"line":16,"column":29}},"16":{"start":{"line":17,"column":0},"end":{"line":17,"column":41}},"17":{"start":{"line":18,"column":0},"end":{"line":18,"column":3}},"19":{"start":{"line":20,"column":0},"end":{"line":20,"column":21}},"20":{"start":{"line":21,"column":0},"end":{"line":21,"column":1}}},"s":{"0":1,"8":1,"9":8,"10":5,"11":5,"13":3,"15":3,"16":3,"17":3,"19":3,"20":3},"branchMap":{"0":{"type":"branch","line":9,"loc":{"start":{"line":9,"column":7},"end":{"line":21,"column":1}},"locations":[{"start":{"line":9,"column":7},"end":{"line":21,"column":1}}]},"1":{"type":"branch","line":10,"loc":{"start":{"line":10,"column":25},"end":{"line":21,"column":1}},"locations":[{"start":{"line":10,"column":25},"end":{"line":21,"column":1}}]},"2":{"type":"branch","line":10,"loc":{"start":{"line":10,"column":25},"end":{"line":12,"column":3}},"locations":[{"start":{"line":10,"column":25},"end":{"line":12,"column":3}}]},"3":{"type":"branch","line":12,"loc":{"start":{"line":12,"column":2},"end":{"line":21,"column":1}},"locations":[{"start":{"line":12,"column":2},"end":{"line":21,"column":1}}]}},"b":{"0":[8],"1":[6],"2":[5],"3":[3]},"fnMap":{"0":{"name":"cloneDeep","decl":{"start":{"line":9,"column":7},"end":{"line":21,"column":1}},"loc":{"start":{"line":9,"column":7},"end":{"line":21,"column":1}},"line":9}},"f":{"0":8}}
,"C:\\Users\\pol.gubau\\dev\\packages\\utils\\animated\\packages\\utils\\src\\objects\\get-main-field\\get-main-field.ts": {"path":"C:\\Users\\pol.gubau\\dev\\packages\\utils\\animated\\packages\\utils\\src\\objects\\get-main-field\\get-main-field.ts","all":false,"statementMap":{"0":{"start":{"line":1,"column":0},"end":{"line":1,"column":30}},"1":{"start":{"line":2,"column":0},"end":{"line":2,"column":16}},"2":{"start":{"line":3,"column":0},"end":{"line":3,"column":9}},"3":{"start":{"line":4,"column":0},"end":{"line":4,"column":10}},"4":{"start":{"line":5,"column":0},"end":{"line":5,"column":10}},"5":{"start":{"line":6,"column":0},"end":{"line":6,"column":9}},"6":{"start":{"line":7,"column":0},"end":{"line":7,"column":9}},"7":{"start":{"line":8,"column":0},"end":{"line":8,"column":10}},"8":{"start":{"line":9,"column":0},"end":{"line":9,"column":13}},"9":{"start":{"line":10,"column":0},"end":{"line":10,"column":11}},"10":{"start":{"line":11,"column":0},"end":{"line":11,"column":7}},"11":{"start":{"line":12,"column":0},"end":{"line":12,"column":13}},"12":{"start":{"line":13,"column":0},"end":{"line":13,"column":14}},"13":{"start":{"line":14,"column":0},"end":{"line":14,"column":2}},"25":{"start":{"line":26,"column":0},"end":{"line":26,"column":29}},"27":{"start":{"line":28,"column":0},"end":{"line":28,"column":28}},"31":{"start":{"line":32,"column":0},"end":{"line":32,"column":6}},"34":{"start":{"line":35,"column":0},"end":{"line":35,"column":46}},"35":{"start":{"line":36,"column":0},"end":{"line":36,"column":32}},"36":{"start":{"line":37,"column":0},"end":{"line":37,"column":16}},"37":{"start":{"line":38,"column":0},"end":{"line":38,"column":18}},"38":{"start":{"line":39,"column":0},"end":{"line":39,"column":5}},"39":{"start":{"line":40,"column":0},"end":{"line":40,"column":5}},"41":{"start":{"line":42,"column":0},"end":{"line":42,"column":14}},"42":{"start":{"line":43,"column":0},"end":{"line":43,"column":30}},"43":{"start":{"line":44,"column":0},"end":{"line":44,"column":33}},"44":{"start":{"line":45,"column":0},"end":{"line":45,"column":3}},"46":{"start":{"line":47,"column":0},"end":{"line":47,"column":18}},"47":{"start":{"line":48,"column":0},"end":{"line":48,"column":30}},"48":{"start":{"line":49,"column":0},"end":{"line":49,"column":48}},"49":{"start":{"line":50,"column":0},"end":{"line":50,"column":4}},"51":{"start":{"line":52,"column":0},"end":{"line":52,"column":16}},"52":{"start":{"line":53,"column":0},"end":{"line":53,"column":2}}},"s":{"0":1,"1":1,"2":1,"3":1,"4":1,"5":1,"6":1,"7":1,"8":1,"9":1,"10":1,"11":1,"12":1,"13":1,"25":1,"27":7,"31":7,"34":7,"35":31,"36":31,"37":3,"38":3,"39":7,"41":7,"42":3,"43":3,"44":3,"46":4,"47":4,"48":4,"49":4,"51":4,"52":4},"branchMap":{"0":{"type":"branch","line":26,"loc":{"start":{"line":26,"column":28},"end":{"line":53,"column":2}},"locations":[{"start":{"line":26,"column":28},"end":{"line":53,"column":2}}]},"1":{"type":"branch","line":42,"loc":{"start":{"line":42,"column":13},"end":{"line":45,"column":3}},"locations":[{"start":{"line":42,"column":13},"end":{"line":45,"column":3}}]},"2":{"type":"branch","line":45,"loc":{"start":{"line":45,"column":2},"end":{"line":53,"column":2}},"locations":[{"start":{"line":45,"column":2},"end":{"line":53,"column":2}}]},"3":{"type":"branch","line":35,"loc":{"start":{"line":35,"column":34},"end":{"line":40,"column":3}},"locations":[{"start":{"line":35,"column":34},"end":{"line":40,"column":3}}]},"4":{"type":"branch","line":37,"loc":{"start":{"line":37,"column":15},"end":{"line":39,"column":5}},"locations":[{"start":{"line":37,"column":15},"end":{"line":39,"column":5}}]}},"b":{"0":[7],"1":[3],"2":[4],"3":[31],"4":[3]},"fnMap":{"0":{"name":"getMainField","decl":{"start":{"line":26,"column":28},"end":{"line":53,"column":2}},"loc":{"start":{"line":26,"column":28},"end":{"line":53,"column":2}},"line":26}},"f":{"0":7}}
,"C:\\Users\\pol.gubau\\dev\\packages\\utils\\animated\\packages\\utils\\src\\objects\\merge\\merge.ts": {"path":"C:\\Users\\pol.gubau\\dev\\packages\\utils\\animated\\packages\\utils\\src\\objects\\merge\\merge.ts","all":false,"statementMap":{"41":{"start":{"line":42,"column":0},"end":{"line":42,"column":63}},"42":{"start":{"line":43,"column":0},"end":{"line":43,"column":52}},"43":{"start":{"line":44,"column":0},"end":{"line":44,"column":1}},"46":{"start":{"line":47,"column":0},"end":{"line":47,"column":49}},"47":{"start":{"line":48,"column":0},"end":{"line":48,"column":40}},"49":{"start":{"line":50,"column":0},"end":{"line":50,"column":32}},"50":{"start":{"line":51,"column":0},"end":{"line":51,"column":34}},"51":{"start":{"line":52,"column":0},"end":{"line":52,"column":34}},"53":{"start":{"line":54,"column":0},"end":{"line":54,"column":35}},"57":{"start":{"line":58,"column":0},"end":{"line":58,"column":55}},"58":{"start":{"line":59,"column":0},"end":{"line":59,"column":70}},"61":{"start":{"line":62,"column":0},"end":{"line":62,"column":49}},"62":{"start":{"line":63,"column":0},"end":{"line":63,"column":70}},"64":{"start":{"line":65,"column":0},"end":{"line":65,"column":29}},"65":{"start":{"line":66,"column":0},"end":{"line":66,"column":3}},"66":{"start":{"line":67,"column":0},"end":{"line":67,"column":2}},"68":{"start":{"line":69,"column":0},"end":{"line":69,"column":15}},"69":{"start":{"line":70,"column":0},"end":{"line":70,"column":1}}},"s":{"41":1,"42":65,"43":65,"46":1,"47":40,"49":40,"50":56,"51":56,"53":56,"57":7,"58":56,"61":16,"62":49,"64":32,"65":32,"66":56,"68":40,"69":40},"branchMap":{"0":{"type":"branch","line":42,"loc":{"start":{"line":42,"column":7},"end":{"line":44,"column":1}},"locations":[{"start":{"line":42,"column":7},"end":{"line":44,"column":1}}]},"1":{"type":"branch","line":43,"loc":{"start":{"line":43,"column":25},"end":{"line":43,"column":52}},"locations":[{"start":{"line":43,"column":25},"end":{"line":43,"column":52}}]},"2":{"type":"branch","line":47,"loc":{"start":{"line":47,"column":7},"end":{"line":70,"column":1}},"locations":[{"start":{"line":47,"column":7},"end":{"line":70,"column":1}}]},"3":{"type":"branch","line":50,"loc":{"start":{"line":50,"column":31},"end":{"line":67,"column":2}},"locations":[{"start":{"line":50,"column":31},"end":{"line":67,"column":2}}]},"4":{"type":"branch","line":54,"loc":{"start":{"line":54,"column":34},"end":{"line":59,"column":13}},"locations":[{"start":{"line":54,"column":34},"end":{"line":59,"column":13}}]},"5":{"type":"branch","line":58,"loc":{"start":{"line":58,"column":23},"end":{"line":58,"column":42}},"locations":[{"start":{"line":58,"column":23},"end":{"line":58,"column":42}}]},"6":{"type":"branch","line":59,"loc":{"start":{"line":59,"column":2},"end":{"line":66,"column":3}},"locations":[{"start":{"line":59,"column":2},"end":{"line":66,"column":3}}]},"7":{"type":"branch","line":59,"loc":{"start":{"line":59,"column":37},"end":{"line":59,"column":69}},"locations":[{"start":{"line":59,"column":37},"end":{"line":59,"column":69}}]},"8":{"type":"branch","line":59,"loc":{"start":{"line":59,"column":69},"end":{"line":63,"column":13}},"locations":[{"start":{"line":59,"column":69},"end":{"line":63,"column":13}}]},"9":{"type":"branch","line":63,"loc":{"start":{"line":63,"column":2},"end":{"line":66,"column":3}},"locations":[{"start":{"line":63,"column":2},"end":{"line":66,"column":3}}]},"10":{"type":"branch","line":63,"loc":{"start":{"line":63,"column":29},"end":{"line":63,"column":69}},"locations":[{"start":{"line":63,"column":29},"end":{"line":63,"column":69}}]},"11":{"type":"branch","line":63,"loc":{"start":{"line":63,"column":69},"end":{"line":66,"column":3}},"locations":[{"start":{"line":63,"column":69},"end":{"line":66,"column":3}}]}},"b":{"0":[65],"1":[32],"2":[40],"3":[56],"4":[7],"5":[2],"6":[49],"7":[16],"8":[16],"9":[33],"10":[8],"11":[32]},"fnMap":{"0":{"name":"isObjectLike","decl":{"start":{"line":42,"column":7},"end":{"line":44,"column":1}},"loc":{"start":{"line":42,"column":7},"end":{"line":44,"column":1}},"line":42},"1":{"name":"merge","decl":{"start":{"line":47,"column":7},"end":{"line":70,"column":1}},"loc":{"start":{"line":47,"column":7},"end":{"line":70,"column":1}},"line":47}},"f":{"0":65,"1":40}}
,"C:\\Users\\pol.gubau\\dev\\packages\\utils\\animated\\packages\\utils\\src\\objects\\merge-deep\\merge-deep.ts": {"path":"C:\\Users\\pol.gubau\\dev\\packages\\utils\\animated\\packages\\utils\\src\\objects\\merge-deep\\merge-deep.ts","all":false,"statementMap":{"0":{"start":{"line":1,"column":0},"end":{"line":1,"column":45}},"1":{"start":{"line":2,"column":0},"end":{"line":2,"column":53}},"9":{"start":{"line":10,"column":0},"end":{"line":10,"column":92}},"10":{"start":{"line":11,"column":0},"end":{"line":11,"column":61}},"11":{"start":{"line":12,"column":0},"end":{"line":12,"column":47}},"12":{"start":{"line":13,"column":0},"end":{"line":13,"column":3}},"14":{"start":{"line":15,"column":0},"end":{"line":15,"column":42}},"16":{"start":{"line":17,"column":0},"end":{"line":17,"column":45}},"17":{"start":{"line":18,"column":0},"end":{"line":18,"column":31}},"18":{"start":{"line":19,"column":0},"end":{"line":19,"column":76}},"19":{"start":{"line":20,"column":0},"end":{"line":20,"column":107}},"20":{"start":{"line":21,"column":0},"end":{"line":21,"column":14}},"21":{"start":{"line":22,"column":0},"end":{"line":22,"column":112}},"22":{"start":{"line":23,"column":0},"end":{"line":23,"column":7}},"23":{"start":{"line":24,"column":0},"end":{"line":24,"column":5}},"24":{"start":{"line":25,"column":0},"end":{"line":25,"column":3}},"26":{"start":{"line":27,"column":0},"end":{"line":27,"column":16}},"27":{"start":{"line":28,"column":0},"end":{"line":28,"column":1}}},"s":{"0":1,"1":1,"9":1,"10":7,"11":1,"12":1,"14":6,"16":7,"17":6,"18":8,"19":3,"20":8,"21":5,"22":5,"23":8,"24":6,"26":6,"27":6},"branchMap":{"0":{"type":"branch","line":10,"loc":{"start":{"line":10,"column":7},"end":{"line":28,"column":1}},"locations":[{"start":{"line":10,"column":7},"end":{"line":28,"column":1}}]},"1":{"type":"branch","line":11,"loc":{"start":{"line":11,"column":60},"end":{"line":13,"column":3}},"locations":[{"start":{"line":11,"column":60},"end":{"line":13,"column":3}}]},"2":{"type":"branch","line":13,"loc":{"start":{"line":13,"column":2},"end":{"line":17,"column":44}},"locations":[{"start":{"line":13,"column":2},"end":{"line":17,"column":44}}]},"3":{"type":"branch","line":17,"loc":{"start":{"line":17,"column":44},"end":{"line":28,"column":1}},"locations":[{"start":{"line":17,"column":44},"end":{"line":28,"column":1}}]},"4":{"type":"branch","line":18,"loc":{"start":{"line":18,"column":30},"end":{"line":24,"column":5}},"locations":[{"start":{"line":18,"column":30},"end":{"line":24,"column":5}}]},"5":{"type":"branch","line":19,"loc":{"start":{"line":19,"column":30},"end":{"line":19,"column":52}},"locations":[{"start":{"line":19,"column":30},"end":{"line":19,"column":52}}]},"6":{"type":"branch","line":19,"loc":{"start":{"line":19,"column":42},"end":{"line":19,"column":75}},"locations":[{"start":{"line":19,"column":42},"end":{"line":19,"column":75}}]},"7":{"type":"branch","line":19,"loc":{"start":{"line":19,"column":75},"end":{"line":21,"column":13}},"locations":[{"start":{"line":19,"column":75},"end":{"line":21,"column":13}}]},"8":{"type":"branch","line":21,"loc":{"start":{"line":21,"column":6},"end":{"line":23,"column":7}},"locations":[{"start":{"line":21,"column":6},"end":{"line":23,"column":7}}]},"9":{"type":"branch","line":22,"loc":{"start":{"line":22,"column":71},"end":{"line":22,"column":100}},"locations":[{"start":{"line":22,"column":71},"end":{"line":22,"column":100}}]},"10":{"type":"branch","line":22,"loc":{"start":{"line":22,"column":96},"end":{"line":22,"column":112}},"locations":[{"start":{"line":22,"column":96},"end":{"line":22,"column":112}}]}},"b":{"0":[7],"1":[1],"2":[6],"3":[6],"4":[8],"5":[4],"6":[3],"7":[3],"8":[5],"9":[1],"10":[4]},"fnMap":{"0":{"name":"mergeDeep","decl":{"start":{"line":10,"column":7},"end":{"line":28,"column":1}},"loc":{"start":{"line":10,"column":7},"end":{"line":28,"column":1}},"line":10}},"f":{"0":7}}
,"C:\\Users\\pol.gubau\\dev\\packages\\utils\\animated\\packages\\utils\\src\\objects\\omit\\omit.ts": {"path":"C:\\Users\\pol.gubau\\dev\\packages\\utils\\animated\\packages\\utils\\src\\objects\\omit\\omit.ts","all":false,"statementMap":{"19":{"start":{"line":20,"column":0},"end":{"line":20,"column":103}},"20":{"start":{"line":21,"column":0},"end":{"line":21,"column":28}},"22":{"start":{"line":23,"column":0},"end":{"line":23,"column":27}},"23":{"start":{"line":24,"column":0},"end":{"line":24,"column":23}},"24":{"start":{"line":25,"column":0},"end":{"line":25,"column":3}},"26":{"start":{"line":27,"column":0},"end":{"line":27,"column":30}},"27":{"start":{"line":28,"column":0},"end":{"line":28,"column":1}}},"s":{"19":1,"20":4,"22":4,"23":6,"24":6,"26":4,"27":4},"branchMap":{"0":{"type":"branch","line":20,"loc":{"start":{"line":20,"column":7},"end":{"line":28,"column":1}},"locations":[{"start":{"line":20,"column":7},"end":{"line":28,"column":1}}]},"1":{"type":"branch","line":23,"loc":{"start":{"line":23,"column":26},"end":{"line":25,"column":3}},"locations":[{"start":{"line":23,"column":26},"end":{"line":25,"column":3}}]}},"b":{"0":[4],"1":[6]},"fnMap":{"0":{"name":"omit","decl":{"start":{"line":20,"column":7},"end":{"line":28,"column":1}},"loc":{"start":{"line":20,"column":7},"end":{"line":28,"column":1}},"line":20}},"f":{"0":4}}
,"C:\\Users\\pol.gubau\\dev\\packages\\utils\\animated\\packages\\utils\\src\\objects\\to-path\\toPath.ts": {"path":"C:\\Users\\pol.gubau\\dev\\packages\\utils\\animated\\packages\\utils\\src\\objects\\to-path\\toPath.ts","all":false,"statementMap":{"17":{"start":{"line":18,"column":0},"end":{"line":18,"column":51}},"18":{"start":{"line":19,"column":0},"end":{"line":19,"column":30}},"19":{"start":{"line":20,"column":0},"end":{"line":20,"column":32}},"21":{"start":{"line":22,"column":0},"end":{"line":22,"column":21}},"22":{"start":{"line":23,"column":0},"end":{"line":23,"column":18}},"23":{"start":{"line":24,"column":0},"end":{"line":24,"column":3}},"25":{"start":{"line":26,"column":0},"end":{"line":26,"column":16}},"26":{"start":{"line":27,"column":0},"end":{"line":27,"column":15}},"27":{"start":{"line":28,"column":0},"end":{"line":28,"column":21}},"28":{"start":{"line":29,"column":0},"end":{"line":29,"column":22}},"31":{"start":{"line":32,"column":0},"end":{"line":32,"column":37}},"32":{"start":{"line":33,"column":0},"end":{"line":33,"column":20}},"33":{"start":{"line":34,"column":0},"end":{"line":34,"column":12}},"34":{"start":{"line":35,"column":0},"end":{"line":35,"column":3}},"36":{"start":{"line":37,"column":0},"end":{"line":37,"column":26}},"37":{"start":{"line":38,"column":0},"end":{"line":38,"column":32}},"39":{"start":{"line":40,"column":0},"end":{"line":40,"column":20}},"40":{"start":{"line":41,"column":0},"end":{"line":41,"column":48}},"42":{"start":{"line":43,"column":0},"end":{"line":43,"column":16}},"43":{"start":{"line":44,"column":0},"end":{"line":44,"column":30}},"44":{"start":{"line":45,"column":0},"end":{"line":45,"column":38}},"46":{"start":{"line":47,"column":0},"end":{"line":47,"column":23}},"47":{"start":{"line":48,"column":0},"end":{"line":48,"column":14}},"48":{"start":{"line":49,"column":0},"end":{"line":49,"column":20}},"49":{"start":{"line":50,"column":0},"end":{"line":50,"column":7}},"50":{"start":{"line":51,"column":0},"end":{"line":51,"column":25}},"51":{"start":{"line":52,"column":0},"end":{"line":52,"column":41}},"53":{"start":{"line":54,"column":0},"end":{"line":54,"column":25}},"54":{"start":{"line":55,"column":0},"end":{"line":55,"column":32}},"56":{"start":{"line":57,"column":0},"end":{"line":57,"column":24}},"57":{"start":{"line":58,"column":0},"end":{"line":58,"column":25}},"58":{"start":{"line":59,"column":0},"end":{"line":59,"column":17}},"59":{"start":{"line":60,"column":0},"end":{"line":60,"column":14}},"60":{"start":{"line":61,"column":0},"end":{"line":61,"column":20}},"61":{"start":{"line":62,"column":0},"end":{"line":62,"column":7}},"62":{"start":{"line":63,"column":0},"end":{"line":63,"column":30}},"64":{"start":{"line":65,"column":0},"end":{"line":65,"column":21}},"65":{"start":{"line":66,"column":0},"end":{"line":66,"column":16}},"66":{"start":{"line":67,"column":0},"end":{"line":67,"column":25}},"67":{"start":{"line":68,"column":0},"end":{"line":68,"column":17}},"68":{"start":{"line":69,"column":0},"end":{"line":69,"column":7}},"69":{"start":{"line":70,"column":0},"end":{"line":70,"column":30}},"70":{"start":{"line":71,"column":0},"end":{"line":71,"column":16}},"71":{"start":{"line":72,"column":0},"end":{"line":72,"column":25}},"72":{"start":{"line":73,"column":0},"end":{"line":73,"column":17}},"73":{"start":{"line":74,"column":0},"end":{"line":74,"column":7}},"74":{"start":{"line":75,"column":0},"end":{"line":75,"column":12}},"75":{"start":{"line":76,"column":0},"end":{"line":76,"column":18}},"76":{"start":{"line":77,"column":0},"end":{"line":77,"column":5}},"78":{"start":{"line":79,"column":0},"end":{"line":79,"column":12}},"79":{"start":{"line":80,"column":0},"end":{"line":80,"column":3}},"81":{"start":{"line":82,"column":0},"end":{"line":82,"column":12}},"82":{"start":{"line":83,"column":0},"end":{"line":83,"column":21}},"83":{"start":{"line":84,"column":0},"end":{"line":84,"column":3}},"85":{"start":{"line":86,"column":0},"end":{"line":86,"column":16}},"86":{"start":{"line":87,"column":0},"end":{"line":87,"column":1}}},"s":{"17":1,"18":9,"19":9,"21":9,"22":1,"23":1,"25":8,"26":8,"27":8,"28":8,"31":9,"32":2,"33":2,"34":2,"36":9,"37":96,"39":96,"40":20,"42":4,"43":4,"44":20,"46":4,"47":16,"48":12,"49":12,"50":96,"51":31,"53":4,"54":31,"56":13,"57":13,"58":13,"59":27,"60":14,"61":14,"62":76,"64":13,"65":13,"66":8,"67":8,"68":8,"69":45,"70":12,"71":5,"72":5,"73":5,"74":32,"75":20,"76":20,"78":96,"79":96,"81":9,"82":7,"83":7,"85":8,"86":8},"branchMap":{"0":{"type":"branch","line":18,"loc":{"start":{"line":18,"column":7},"end":{"line":87,"column":1}},"locations":[{"start":{"line":18,"column":7},"end":{"line":87,"column":1}}]},"1":{"type":"branch","line":22,"loc":{"start":{"line":22,"column":20},"end":{"line":24,"column":3}},"locations":[{"start":{"line":22,"column":20},"end":{"line":24,"column":3}}]},"2":{"type":"branch","line":24,"loc":{"start":{"line":24,"column":2},"end":{"line":32,"column":36}},"locations":[{"start":{"line":24,"column":2},"end":{"line":32,"column":36}}]},"3":{"type":"branch","line":32,"loc":{"start":{"line":32,"column":36},"end":{"line":35,"column":3}},"locations":[{"start":{"line":32,"column":36},"end":{"line":35,"column":3}}]},"4":{"type":"branch","line":35,"loc":{"start":{"line":35,"column":2},"end":{"line":37,"column":25}},"locations":[{"start":{"line":35,"column":2},"end":{"line":37,"column":25}}]},"5":{"type":"branch","line":37,"loc":{"start":{"line":37,"column":25},"end":{"line":80,"column":3}},"locations":[{"start":{"line":37,"column":25},"end":{"line":80,"column":3}}]},"6":{"type":"branch","line":40,"loc":{"start":{"line":40,"column":19},"end":{"line":51,"column":15}},"locations":[{"start":{"line":40,"column":19},"end":{"line":51,"column":15}}]},"7":{"type":"branch","line":41,"loc":{"start":{"line":41,"column":19},"end":{"line":41,"column":47}},"locations":[{"start":{"line":41,"column":19},"end":{"line":41,"column":47}}]},"8":{"type":"branch","line":41,"loc":{"start":{"line":41,"column":47},"end":{"line":45,"column":17}},"locations":[{"start":{"line":41,"column":47},"end":{"line":45,"column":17}}]},"9":{"type":"branch","line":45,"loc":{"start":{"line":45,"column":6},"end":{"line":50,"column":7}},"locations":[{"start":{"line":45,"column":6},"end":{"line":50,"column":7}}]},"10":{"type":"branch","line":45,"loc":{"start":{"line":45,"column":37},"end":{"line":48,"column":13}},"locations":[{"start":{"line":45,"column":37},"end":{"line":48,"column":13}}]},"11":{"type":"branch","line":48,"loc":{"start":{"line":48,"column":6},"end":{"line":50,"column":7}},"locations":[{"start":{"line":48,"column":6},"end":{"line":50,"column":7}}]},"12":{"type":"branch","line":51,"loc":{"start":{"line":51,"column":4},"end":{"line":77,"column":5}},"locations":[{"start":{"line":51,"column":4},"end":{"line":77,"column":5}}]},"13":{"type":"branch","line":51,"loc":{"start":{"line":51,"column":24},"end":{"line":63,"column":15}},"locations":[{"start":{"line":51,"column":24},"end":{"line":63,"column":15}}]},"14":{"type":"branch","line":52,"loc":{"start":{"line":52,"column":19},"end":{"line":52,"column":40}},"locations":[{"start":{"line":52,"column":19},"end":{"line":52,"column":40}}]},"15":{"type":"branch","line":52,"loc":{"start":{"line":52,"column":40},"end":{"line":55,"column":17}},"locations":[{"start":{"line":52,"column":40},"end":{"line":55,"column":17}}]},"16":{"type":"branch","line":55,"loc":{"start":{"line":55,"column":6},"end":{"line":62,"column":7}},"locations":[{"start":{"line":55,"column":6},"end":{"line":62,"column":7}}]},"17":{"type":"branch","line":55,"loc":{"start":{"line":55,"column":31},"end":{"line":60,"column":13}},"locations":[{"start":{"line":55,"column":31},"end":{"line":60,"column":13}}]},"18":{"type":"branch","line":60,"loc":{"start":{"line":60,"column":6},"end":{"line":62,"column":7}},"locations":[{"start":{"line":60,"column":6},"end":{"line":62,"column":7}}]},"19":{"type":"branch","line":63,"loc":{"start":{"line":63,"column":4},"end":{"line":77,"column":5}},"locations":[{"start":{"line":63,"column":4},"end":{"line":77,"column":5}}]},"20":{"type":"branch","line":63,"loc":{"start":{"line":63,"column":29},"end":{"line":70,"column":15}},"locations":[{"start":{"line":63,"column":29},"end":{"line":70,"column":15}}]},"21":{"type":"branch","line":66,"loc":{"start":{"line":66,"column":15},"end":{"line":69,"column":7}},"locations":[{"start":{"line":66,"column":15},"end":{"line":69,"column":7}}]},"22":{"type":"branch","line":70,"loc":{"start":{"line":70,"column":4},"end":{"line":77,"column":5}},"locations":[{"start":{"line":70,"column":4},"end":{"line":77,"column":5}}]},"23":{"type":"branch","line":70,"loc":{"start":{"line":70,"column":29},"end":{"line":75,"column":11}},"locations":[{"start":{"line":70,"column":29},"end":{"line":75,"column":11}}]},"24":{"type":"branch","line":71,"loc":{"start":{"line":71,"column":15},"end":{"line":74,"column":7}},"locations":[{"start":{"line":71,"column":15},"end":{"line":74,"column":7}}]},"25":{"type":"branch","line":75,"loc":{"start":{"line":75,"column":4},"end":{"line":77,"column":5}},"locations":[{"start":{"line":75,"column":4},"end":{"line":77,"column":5}}]},"26":{"type":"branch","line":80,"loc":{"start":{"line":80,"column":2},"end":{"line":82,"column":11}},"locations":[{"start":{"line":80,"column":2},"end":{"line":82,"column":11}}]},"27":{"type":"branch","line":82,"loc":{"start":{"line":82,"column":11},"end":{"line":84,"column":3}},"locations":[{"start":{"line":82,"column":11},"end":{"line":84,"column":3}}]},"28":{"type":"branch","line":84,"loc":{"start":{"line":84,"column":2},"end":{"line":87,"column":1}},"locations":[{"start":{"line":84,"column":2},"end":{"line":87,"column":1}}]}},"b":{"0":[9],"1":[1],"2":[8],"3":[2],"4":[8],"5":[96],"6":[20],"7":[4],"8":[4],"9":[16],"10":[4],"11":[12],"12":[76],"13":[31],"14":[28],"15":[4],"16":[27],"17":[13],"18":[14],"19":[45],"20":[13],"21":[8],"22":[32],"23":[12],"24":[5],"25":[20],"26":[8],"27":[7],"28":[8]},"fnMap":{"0":{"name":"toPath","decl":{"start":{"line":18,"column":7},"end":{"line":87,"column":1}},"loc":{"start":{"line":18,"column":7},"end":{"line":87,"column":1}},"line":18}},"f":{"0":9}}
,"C:\\Users\\pol.gubau\\dev\\packages\\utils\\animated\\packages\\utils\\src\\parsers\\handle-json\\handle-json.ts": {"path":"C:\\Users\\pol.gubau\\dev\\packages\\utils\\animated\\packages\\utils\\src\\parsers\\handle-json\\handle-json.ts","all":false,"statementMap":{"8":{"start":{"line":9,"column":0},"end":{"line":9,"column":46}},"10":{"start":{"line":11,"column":0},"end":{"line":11,"column":67}},"11":{"start":{"line":12,"column":0},"end":{"line":12,"column":6}},"12":{"start":{"line":13,"column":0},"end":{"line":13,"column":15}},"13":{"start":{"line":14,"column":0},"end":{"line":14,"column":20}},"14":{"start":{"line":15,"column":0},"end":{"line":15,"column":3}},"15":{"start":{"line":16,"column":0},"end":{"line":16,"column":27}},"16":{"start":{"line":17,"column":0},"end":{"line":17,"column":10}},"17":{"start":{"line":18,"column":0},"end":{"line":18,"column":39}},"18":{"start":{"line":19,"column":0},"end":{"line":19,"column":38}},"19":{"start":{"line":20,"column":0},"end":{"line":20,"column":2}},"20":{"start":{"line":21,"column":0},"end":{"line":21,"column":1}},"23":{"start":{"line":24,"column":0},"end":{"line":24,"column":71}},"24":{"start":{"line":25,"column":0},"end":{"line":25,"column":6}},"25":{"start":{"line":26,"column":0},"end":{"line":26,"column":15}},"26":{"start":{"line":27,"column":0},"end":{"line":27,"column":20}},"27":{"start":{"line":28,"column":0},"end":{"line":28,"column":3}},"28":{"start":{"line":29,"column":0},"end":{"line":29,"column":27}},"29":{"start":{"line":30,"column":0},"end":{"line":30,"column":10}},"30":{"start":{"line":31,"column":0},"end":{"line":31,"column":39}},"31":{"start":{"line":32,"column":0},"end":{"line":32,"column":19}},"32":{"start":{"line":33,"column":0},"end":{"line":33,"column":2}},"33":{"start":{"line":34,"column":0},"end":{"line":34,"column":1}},"35":{"start":{"line":36,"column":0},"end":{"line":36,"column":21}},"36":{"start":{"line":37,"column":0},"end":{"line":37,"column":26}},"37":{"start":{"line":38,"column":0},"end":{"line":38,"column":18}},"38":{"start":{"line":39,"column":0},"end":{"line":39,"column":2}}},"s":{"8":1,"10":1,"11":4,"12":4,"13":1,"14":1,"15":3,"16":4,"17":2,"18":2,"19":2,"20":4,"23":1,"24":4,"25":4,"26":1,"27":1,"28":3,"29":4,"30":2,"31":2,"32":2,"33":4,"35":1,"36":1,"37":1,"38":1},"branchMap":{"0":{"type":"branch","line":11,"loc":{"start":{"line":11,"column":7},"end":{"line":21,"column":1}},"locations":[{"start":{"line":11,"column":7},"end":{"line":21,"column":1}}]},"1":{"type":"branch","line":13,"loc":{"start":{"line":13,"column":14},"end":{"line":15,"column":3}},"locations":[{"start":{"line":13,"column":14},"end":{"line":15,"column":3}}]},"2":{"type":"branch","line":15,"loc":{"start":{"line":15,"column":2},"end":{"line":17,"column":9}},"locations":[{"start":{"line":15,"column":2},"end":{"line":17,"column":9}}]},"3":{"type":"branch","line":17,"loc":{"start":{"line":17,"column":1},"end":{"line":20,"column":2}},"locations":[{"start":{"line":17,"column":1},"end":{"line":20,"column":2}}]},"4":{"type":"branch","line":24,"loc":{"start":{"line":24,"column":7},"end":{"line":34,"column":1}},"locations":[{"start":{"line":24,"column":7},"end":{"line":34,"column":1}}]},"5":{"type":"branch","line":26,"loc":{"start":{"line":26,"column":14},"end":{"line":28,"column":3}},"locations":[{"start":{"line":26,"column":14},"end":{"line":28,"column":3}}]},"6":{"type":"branch","line":28,"loc":{"start":{"line":28,"column":2},"end":{"line":30,"column":9}},"locations":[{"start":{"line":28,"column":2},"end":{"line":30,"column":9}}]},"7":{"type":"branch","line":30,"loc":{"start":{"line":30,"column":1},"end":{"line":33,"column":2}},"locations":[{"start":{"line":30,"column":1},"end":{"line":33,"column":2}}]}},"b":{"0":[4],"1":[1],"2":[3],"3":[2],"4":[4],"5":[1],"6":[3],"7":[2]},"fnMap":{"0":{"name":"parseJSON","decl":{"start":{"line":11,"column":7},"end":{"line":21,"column":1}},"loc":{"start":{"line":11,"column":7},"end":{"line":21,"column":1}},"line":11},"1":{"name":"saveParseJson","decl":{"start":{"line":24,"column":7},"end":{"line":34,"column":1}},"loc":{"start":{"line":24,"column":7},"end":{"line":34,"column":1}},"line":24}},"f":{"0":4,"1":4}}
,"C:\\Users\\pol.gubau\\dev\\packages\\utils\\animated\\packages\\utils\\src\\texts\\px\\px.ts": {"path":"C:\\Users\\pol.gubau\\dev\\packages\\utils\\animated\\packages\\utils\\src\\texts\\px\\px.ts","all":false,"statementMap":{"12":{"start":{"line":13,"column":0},"end":{"line":13,"column":42}},"13":{"start":{"line":14,"column":0},"end":{"line":14,"column":31}},"14":{"start":{"line":15,"column":0},"end":{"line":15,"column":1}}},"s":{"12":1,"13":8,"14":8},"branchMap":{"0":{"type":"branch","line":13,"loc":{"start":{"line":13,"column":7},"end":{"line":15,"column":1}},"locations":[{"start":{"line":13,"column":7},"end":{"line":15,"column":1}}]}},"b":{"0":[8]},"fnMap":{"0":{"name":"px","decl":{"start":{"line":13,"column":7},"end":{"line":15,"column":1}},"loc":{"start":{"line":13,"column":7},"end":{"line":15,"column":1}},"line":13}},"f":{"0":8}}
,"C:\\Users\\pol.gubau\\dev\\packages\\utils\\animated\\packages\\utils\\src\\texts\\text-transform\\text-transform.ts": {"path":"C:\\Users\\pol.gubau\\dev\\packages\\utils\\animated\\packages\\utils\\src\\texts\\text-transform\\text-transform.ts","all":false,"statementMap":{"10":{"start":{"line":11,"column":0},"end":{"line":11,"column":43}},"11":{"start":{"line":12,"column":0},"end":{"line":12,"column":68}},"12":{"start":{"line":13,"column":0},"end":{"line":13,"column":1}},"19":{"start":{"line":20,"column":0},"end":{"line":20,"column":43}},"20":{"start":{"line":21,"column":0},"end":{"line":21,"column":98}},"21":{"start":{"line":22,"column":0},"end":{"line":22,"column":1}},"27":{"start":{"line":28,"column":0},"end":{"line":28,"column":43}},"28":{"start":{"line":29,"column":0},"end":{"line":29,"column":12}},"29":{"start":{"line":30,"column":0},"end":{"line":30,"column":40}},"30":{"start":{"line":31,"column":0},"end":{"line":31,"column":25}},"31":{"start":{"line":32,"column":0},"end":{"line":32,"column":19}},"32":{"start":{"line":33,"column":0},"end":{"line":33,"column":1}},"39":{"start":{"line":40,"column":0},"end":{"line":40,"column":43}},"40":{"start":{"line":41,"column":0},"end":{"line":41,"column":27}},"41":{"start":{"line":42,"column":0},"end":{"line":42,"column":1}},"48":{"start":{"line":49,"column":0},"end":{"line":49,"column":43}},"49":{"start":{"line":50,"column":0},"end":{"line":50,"column":27}},"50":{"start":{"line":51,"column":0},"end":{"line":51,"column":1}},"56":{"start":{"line":57,"column":0},"end":{"line":57,"column":42}},"57":{"start":{"line":58,"column":0},"end":{"line":58,"column":52}},"58":{"start":{"line":59,"column":0},"end":{"line":59,"column":1}},"65":{"start":{"line":66,"column":0},"end":{"line":66,"column":48}},"66":{"start":{"line":67,"column":0},"end":{"line":67,"column":32}},"67":{"start":{"line":68,"column":0},"end":{"line":68,"column":1}},"74":{"start":{"line":75,"column":0},"end":{"line":75,"column":45}},"75":{"start":{"line":76,"column":0},"end":{"line":76,"column":42}},"76":{"start":{"line":77,"column":0},"end":{"line":77,"column":1}},"86":{"start":{"line":87,"column":0},"end":{"line":87,"column":75}},"87":{"start":{"line":88,"column":0},"end":{"line":88,"column":25}},"88":{"start":{"line":89,"column":0},"end":{"line":89,"column":15}},"89":{"start":{"line":90,"column":0},"end":{"line":90,"column":3}},"90":{"start":{"line":91,"column":0},"end":{"line":91,"column":87}},"91":{"start":{"line":92,"column":0},"end":{"line":92,"column":1}},"104":{"start":{"line":105,"column":0},"end":{"line":105,"column":44}},"105":{"start":{"line":106,"column":0},"end":{"line":106,"column":57}},"106":{"start":{"line":107,"column":0},"end":{"line":107,"column":76}},"107":{"start":{"line":108,"column":0},"end":{"line":108,"column":1}},"119":{"start":{"line":120,"column":0},"end":{"line":120,"column":46}},"120":{"start":{"line":121,"column":0},"end":{"line":121,"column":76}},"121":{"start":{"line":122,"column":0},"end":{"line":122,"column":18}},"123":{"start":{"line":124,"column":0},"end":{"line":124,"column":36}},"124":{"start":{"line":125,"column":0},"end":{"line":125,"column":70}},"125":{"start":{"line":126,"column":0},"end":{"line":126,"column":45}},"126":{"start":{"line":127,"column":0},"end":{"line":127,"column":3}},"127":{"start":{"line":128,"column":0},"end":{"line":128,"column":16}},"128":{"start":{"line":129,"column":0},"end":{"line":129,"column":2}},"142":{"start":{"line":143,"column":0},"end":{"line":143,"column":50}},"143":{"start":{"line":144,"column":0},"end":{"line":144,"column":46}},"144":{"start":{"line":145,"column":0},"end":{"line":145,"column":2}}},"s":{"10":3,"11":3,"12":3,"19":3,"20":3,"21":3,"27":2,"28":2,"29":2,"30":2,"31":2,"32":2,"39":2,"40":2,"41":2,"48":2,"49":2,"50":2,"56":7,"57":7,"58":7,"65":3,"66":3,"67":3,"74":3,"75":3,"76":3,"86":5,"87":5,"88":1,"89":1,"90":5,"91":5,"104":4,"105":4,"106":4,"107":4,"119":1,"120":3,"121":3,"123":3,"124":30,"125":30,"126":30,"127":3,"128":3,"142":1,"143":3,"144":3},"branchMap":{"0":{"type":"branch","line":11,"loc":{"start":{"line":11,"column":0},"end":{"line":13,"column":1}},"locations":[{"start":{"line":11,"column":0},"end":{"line":13,"column":1}}]},"1":{"type":"branch","line":12,"loc":{"start":{"line":12,"column":33},"end":{"line":12,"column":66}},"locations":[{"start":{"line":12,"column":33},"end":{"line":12,"column":66}}]},"2":{"type":"branch","line":20,"loc":{"start":{"line":20,"column":0},"end":{"line":22,"column":1}},"locations":[{"start":{"line":20,"column":0},"end":{"line":22,"column":1}}]},"3":{"type":"branch","line":21,"loc":{"start":{"line":21,"column":31},"end":{"line":21,"column":96}},"locations":[{"start":{"line":21,"column":31},"end":{"line":21,"column":96}}]},"4":{"type":"branch","line":28,"loc":{"start":{"line":28,"column":0},"end":{"line":33,"column":1}},"locations":[{"start":{"line":28,"column":0},"end":{"line":33,"column":1}}]},"5":{"type":"branch","line":40,"loc":{"start":{"line":40,"column":0},"end":{"line":42,"column":1}},"locations":[{"start":{"line":40,"column":0},"end":{"line":42,"column":1}}]},"6":{"type":"branch","line":49,"loc":{"start":{"line":49,"column":0},"end":{"line":51,"column":1}},"locations":[{"start":{"line":49,"column":0},"end":{"line":51,"column":1}}]},"7":{"type":"branch","line":57,"loc":{"start":{"line":57,"column":0},"end":{"line":59,"column":1}},"locations":[{"start":{"line":57,"column":0},"end":{"line":59,"column":1}}]},"8":{"type":"branch","line":66,"loc":{"start":{"line":66,"column":0},"end":{"line":68,"column":1}},"locations":[{"start":{"line":66,"column":0},"end":{"line":68,"column":1}}]},"9":{"type":"branch","line":75,"loc":{"start":{"line":75,"column":0},"end":{"line":77,"column":1}},"locations":[{"start":{"line":75,"column":0},"end":{"line":77,"column":1}}]},"10":{"type":"branch","line":87,"loc":{"start":{"line":87,"column":0},"end":{"line":92,"column":1}},"locations":[{"start":{"line":87,"column":0},"end":{"line":92,"column":1}}]},"11":{"type":"branch","line":88,"loc":{"start":{"line":88,"column":24},"end":{"line":90,"column":3}},"locations":[{"start":{"line":88,"column":24},"end":{"line":90,"column":3}}]},"12":{"type":"branch","line":90,"loc":{"start":{"line":90,"column":2},"end":{"line":91,"column":31}},"locations":[{"start":{"line":90,"column":2},"end":{"line":91,"column":31}}]},"13":{"type":"branch","line":91,"loc":{"start":{"line":91,"column":22},"end":{"line":91,"column":83}},"locations":[{"start":{"line":91,"column":22},"end":{"line":91,"column":83}}]},"14":{"type":"branch","line":91,"loc":{"start":{"line":91,"column":74},"end":{"line":91,"column":87}},"locations":[{"start":{"line":91,"column":74},"end":{"line":91,"column":87}}]},"15":{"type":"branch","line":105,"loc":{"start":{"line":105,"column":0},"end":{"line":108,"column":1}},"locations":[{"start":{"line":105,"column":0},"end":{"line":108,"column":1}}]},"16":{"type":"branch","line":120,"loc":{"start":{"line":120,"column":21},"end":{"line":129,"column":2}},"locations":[{"start":{"line":120,"column":21},"end":{"line":129,"column":2}}]},"17":{"type":"branch","line":124,"loc":{"start":{"line":124,"column":35},"end":{"line":127,"column":3}},"locations":[{"start":{"line":124,"column":35},"end":{"line":127,"column":3}}]},"18":{"type":"branch","line":143,"loc":{"start":{"line":143,"column":24},"end":{"line":145,"column":2}},"locations":[{"start":{"line":143,"column":24},"end":{"line":145,"column":2}}]}},"b":{"0":[3],"1":[4],"2":[3],"3":[10],"4":[2],"5":[2],"6":[2],"7":[7],"8":[3],"9":[3],"10":[5],"11":[1],"12":[4],"13":[2],"14":[2],"15":[4],"16":[3],"17":[30],"18":[3]},"fnMap":{"0":{"name":"toCamelCase","decl":{"start":{"line":11,"column":0},"end":{"line":13,"column":1}},"loc":{"start":{"line":11,"column":0},"end":{"line":13,"column":1}},"line":11},"1":{"name":"toTitleCase","decl":{"start":{"line":20,"column":0},"end":{"line":22,"column":1}},"loc":{"start":{"line":20,"column":0},"end":{"line":22,"column":1}},"line":20},"2":{"name":"toKebabCase","decl":{"start":{"line":28,"column":0},"end":{"line":33,"column":1}},"loc":{"start":{"line":28,"column":0},"end":{"line":33,"column":1}},"line":28},"3":{"name":"toUpperCase","decl":{"start":{"line":40,"column":0},"end":{"line":42,"column":1}},"loc":{"start":{"line":40,"column":0},"end":{"line":42,"column":1}},"line":40},"4":{"name":"toLowerCase","decl":{"start":{"line":49,"column":0},"end":{"line":51,"column":1}},"loc":{"start":{"line":49,"column":0},"end":{"line":51,"column":1}},"line":49},"5":{"name":"capitalize","decl":{"start":{"line":57,"column":0},"end":{"line":59,"column":1}},"loc":{"start":{"line":57,"column":0},"end":{"line":59,"column":1}},"line":57},"6":{"name":"removeWhitespace","decl":{"start":{"line":66,"column":0},"end":{"line":68,"column":1}},"loc":{"start":{"line":66,"column":0},"end":{"line":68,"column":1}},"line":66},"7":{"name":"reverseString","decl":{"start":{"line":75,"column":0},"end":{"line":77,"column":1}},"loc":{"start":{"line":75,"column":0},"end":{"line":77,"column":1}},"line":75},"8":{"name":"truncateString","decl":{"start":{"line":87,"column":0},"end":{"line":92,"column":1}},"loc":{"start":{"line":87,"column":0},"end":{"line":92,"column":1}},"line":87},"9":{"name":"formatString","decl":{"start":{"line":105,"column":0},"end":{"line":108,"column":1}},"loc":{"start":{"line":105,"column":0},"end":{"line":108,"column":1}},"line":105},"10":{"name":"randomString","decl":{"start":{"line":120,"column":21},"end":{"line":129,"column":2}},"loc":{"start":{"line":120,"column":21},"end":{"line":129,"column":2}},"line":120},"11":{"name":"lowerAndNoSpace","decl":{"start":{"line":143,"column":24},"end":{"line":145,"column":2}},"loc":{"start":{"line":143,"column":24},"end":{"line":145,"column":2}},"line":143}},"f":{"0":3,"1":3,"2":2,"3":2,"4":2,"5":7,"6":3,"7":3,"8":5,"9":4,"10":3,"11":3}}
}
